\BOOKMARK [0][-]{chapter*.2}{Introduzione}{}% 1
\BOOKMARK [1][-]{section*.3}{Politica e societ\340}{chapter*.2}% 2
\BOOKMARK [1][-]{section*.5}{Invenzioni}{chapter*.2}% 3
\BOOKMARK [2][-]{section*.6}{Illuminazione}{section*.5}% 4
\BOOKMARK [1][-]{section*.7}{Positivismo}{chapter*.2}% 5
\BOOKMARK [1][-]{section*.8}{Darwinismo}{chapter*.2}% 6
\BOOKMARK [1][-]{section*.9}{Determinismo sociale}{chapter*.2}% 7
\BOOKMARK [1][-]{section*.10}{Letteratura e cultura}{chapter*.2}% 8
\BOOKMARK [1][-]{section*.11}{Il problema della lingua}{chapter*.2}% 9
\BOOKMARK [1][-]{section*.12}{Obbligo scolastico}{chapter*.2}% 10
\BOOKMARK [1][-]{section*.13}{Intellettuale e societ\340}{chapter*.2}% 11
\BOOKMARK [1][-]{section*.14}{Letteratura per l'infanzia}{chapter*.2}% 12
\BOOKMARK [2][-]{section*.15}{Libro Cuore}{section*.14}% 13
\BOOKMARK [2][-]{section*.16}{Pinocchio}{section*.14}% 14
\BOOKMARK [0][-]{chapter*.17}{La scapigliatura}{}% 15
\BOOKMARK [1][-]{section*.18}{T: Preludio}{chapter*.17}% 16
\BOOKMARK [1][-]{section*.21}{T: Dualismo}{chapter*.17}% 17
\BOOKMARK [1][-]{section*.24}{T: L'attrazione della morte}{chapter*.17}% 18
\BOOKMARK [0][-]{chapter*.27}{Carducci}{}% 19
\BOOKMARK [1][-]{section*.28}{T: Pianto antico}{chapter*.27}% 20
\BOOKMARK [1][-]{section*.29}{T: Alla stazione una mattina di autunno}{chapter*.27}% 21
\BOOKMARK [0][-]{chapter*.33}{Naturalismo francese}{}% 22
\BOOKMARK [1][-]{section*.34}{T: Un manifesto del Naturalismo}{chapter*.33}% 23
\BOOKMARK [0][-]{chapter*.37}{Emile Zola}{}% 24
\BOOKMARK [0][-]{chapter*.39}{Letteratura russa}{}% 25
\BOOKMARK [1][-]{section*.40}{Delitto e castigo}{chapter*.39}% 26
\BOOKMARK [2][-]{section*.42}{T: I labirinti della coscienza: la confessione di Raskolnikov}{section*.40}% 27
\BOOKMARK [0][-]{chapter*.45}{Verismo}{}% 28
\BOOKMARK [0][-]{chapter*.46}{Giovanni Verga}{}% 29
\BOOKMARK [1][-]{section*.47}{Vita}{chapter*.46}% 30
\BOOKMARK [2][-]{section*.48}{Passione per la fotografia}{section*.47}% 31
\BOOKMARK [1][-]{section*.49}{Darwinismo sociale}{chapter*.46}% 32
\BOOKMARK [1][-]{section*.50}{Poetica e tematiche}{chapter*.46}% 33
\BOOKMARK [2][-]{section*.51}{Regressione del narratore}{section*.50}% 34
\BOOKMARK [2][-]{section*.52}{T: Impersonalit\340 e regressione}{section*.50}% 35
\BOOKMARK [2][-]{section*.55}{T: ``Sanit\340'' rusticana e ``malattia'' cittadina}{section*.50}% 36
\BOOKMARK [2][-]{section*.58}{T: L'\253eclissi\273 dell'autore e la regressione nel mondo rappresentato}{section*.50}% 37
\BOOKMARK [1][-]{section*.65}{T: Rosso Malpelo}{chapter*.46}% 38
\BOOKMARK [1][-]{section*.69}{I Malavoglia}{chapter*.46}% 39
\BOOKMARK [2][-]{section*.70}{Costruzione bipolare del romanzo}{section*.69}% 40
\BOOKMARK [2][-]{section*.71}{Microsaggio: Lotte per la vita e ``darwinismo sociale''}{section*.69}% 41
\BOOKMARK [2][-]{section*.74}{Microsaggio: Lo straniamento}{section*.69}% 42
\BOOKMARK [2][-]{section*.77}{Trama}{section*.69}% 43
\BOOKMARK [2][-]{section*.78}{T: Il mondo arcaico e l'irruzione della storia}{section*.69}% 44
\BOOKMARK [2][-]{section*.81}{T: I Malavoglia e la comunit\340 del villaggio: valori ideali e interesse economico}{section*.69}% 45
\BOOKMARK [2][-]{section*.85}{T: I ``vinti'' e la ``fiumana del progresso''}{section*.69}% 46
\BOOKMARK [2][-]{section*.89}{T: La conclusione del romanzo}{section*.69}% 47
\BOOKMARK [1][-]{section*.92}{Le Novelle Rusticane}{chapter*.46}% 48
\BOOKMARK [2][-]{section*.93}{T: La roba}{section*.92}% 49
\BOOKMARK [1][-]{section*.98}{Mastro Don Gesualdo}{chapter*.46}% 50
\BOOKMARK [2][-]{section*.99}{Trama}{section*.98}% 51
\BOOKMARK [2][-]{section*.100}{Il protagonista}{section*.98}% 52
\BOOKMARK [2][-]{section*.101}{Narratore}{section*.98}% 53
\BOOKMARK [2][-]{section*.103}{T: La morte di mastro-don Gesualdo}{section*.98}% 54
\BOOKMARK [0][-]{chapter*.112}{Decadentismo}{}% 55
\BOOKMARK [1][-]{section*.113}{Introduzione}{chapter*.112}% 56
\BOOKMARK [1][-]{section*.114}{Decadentismo e Romanticismo}{chapter*.112}% 57
\BOOKMARK [1][-]{section*.115}{T: Languore}{chapter*.112}% 58
\BOOKMARK [1][-]{section*.118}{T: L'albatro}{chapter*.112}% 59
\BOOKMARK [1][-]{section*.121}{T: Perdita d'aureola}{chapter*.112}% 60
\BOOKMARK [1][-]{section*.122}{Tra borghesia e proletariato}{chapter*.112}% 61
\BOOKMARK [1][-]{section*.123}{Tematiche e motivi del decadentismo}{chapter*.112}% 62
\BOOKMARK [0][-]{chapter*.124}{Gabriele D\220Annunzio}{}% 63
\BOOKMARK [1][-]{section*.125}{Vita}{chapter*.124}% 64
\BOOKMARK [1][-]{section*.126}{Esteta}{chapter*.124}% 65
\BOOKMARK [1][-]{section*.127}{Bont\340}{chapter*.124}% 66
\BOOKMARK [1][-]{section*.128}{Superuomo}{chapter*.124}% 67
\BOOKMARK [1][-]{section*.129}{Opere}{chapter*.124}% 68
\BOOKMARK [1][-]{section*.130}{T: Un ritratto allo specchio}{chapter*.124}% 69
\BOOKMARK [1][-]{section*.133}{T: Il parricidio di Aligi}{chapter*.124}% 70
\BOOKMARK [1][-]{section*.136}{Le Laudi}{chapter*.124}% 71
\BOOKMARK [2][-]{section*.137}{T: La sera Fiesolana}{section*.136}% 72
\BOOKMARK [2][-]{section*.145}{T: La pioggia nel pineto}{section*.136}% 73
\BOOKMARK [1][-]{section*.149}{Il periodo notturno}{chapter*.124}% 74
\BOOKMARK [2][-]{section*.150}{T: La prosa ``notturna''}{section*.149}% 75
