\BOOKMARK [0][-]{chapter*.2}{Canto VII}{}% 1
\BOOKMARK [0][-]{chapter*.4}{Canto VIII}{}% 2
\BOOKMARK [0][-]{chapter*.6}{Canto IX}{}% 3
\BOOKMARK [0][-]{chapter*.8}{Canto X}{}% 4
\BOOKMARK [0][-]{chapter*.10}{Canto XI}{}% 5
\BOOKMARK [0][-]{chapter*.11}{Canto XII}{}% 6
\BOOKMARK [0][-]{chapter*.13}{Canto XIII}{}% 7
\BOOKMARK [0][-]{chapter*.15}{Canto XIV}{}% 8
\BOOKMARK [0][-]{chapter*.17}{Canto XV}{}% 9
\BOOKMARK [0][-]{chapter*.19}{Canto XVI}{}% 10
\BOOKMARK [0][-]{chapter*.21}{Canto XVII}{}% 11
\BOOKMARK [0][-]{chapter*.22}{Canto XVIII}{}% 12
\BOOKMARK [0][-]{chapter*.24}{Canto XIX}{}% 13
\BOOKMARK [0][-]{chapter*.26}{Canto XX}{}% 14
\BOOKMARK [0][-]{chapter*.28}{Canto XXI}{}% 15
\BOOKMARK [0][-]{chapter*.30}{Canto XXII}{}% 16
\BOOKMARK [0][-]{chapter*.32}{Canto XXIII}{}% 17
\BOOKMARK [0][-]{chapter*.34}{Canto XXIV}{}% 18
\BOOKMARK [0][-]{chapter*.36}{Canto XXV}{}% 19
\BOOKMARK [0][-]{chapter*.38}{Canto XXVI}{}% 20
\BOOKMARK [0][-]{chapter*.40}{Canto XXVII}{}% 21
\BOOKMARK [0][-]{chapter*.42}{Canto XXVIII}{}% 22
\BOOKMARK [0][-]{chapter*.44}{Canto XXIX}{}% 23
\BOOKMARK [0][-]{chapter*.46}{Canto XXX}{}% 24
\BOOKMARK [0][-]{chapter*.48}{Canto XXXI}{}% 25
\BOOKMARK [0][-]{chapter*.50}{Canto XXXII}{}% 26
\BOOKMARK [0][-]{chapter*.52}{Canto XXXIII}{}% 27
