This is pdfTeX, Version 3.14159265-2.6-1.40.20 (TeX Live 2019) (preloaded format=pdflatex 2019.8.21)  29 APR 2021 01:02
entering extended mode
 restricted \write18 enabled.
 %&-line parsing enabled.
**paradiso_vii_xxxiii.tex
(./paradiso_vii_xxxiii.tex
LaTeX2e <2018-12-01>
(/usr/local/texlive/2019/texmf-dist/tex/latex/base/book.cls
Document Class: book 2018/09/03 v1.4i Standard LaTeX document class
(/usr/local/texlive/2019/texmf-dist/tex/latex/base/bk10.clo
File: bk10.clo 2018/09/03 v1.4i Standard LaTeX file (size option)
)
\c@part=\count80
\c@chapter=\count81
\c@section=\count82
\c@subsection=\count83
\c@subsubsection=\count84
\c@paragraph=\count85
\c@subparagraph=\count86
\c@figure=\count87
\c@table=\count88
\abovecaptionskip=\skip41
\belowcaptionskip=\skip42
\bibindent=\dimen102
)
(/usr/local/texlive/2019/texmf-dist/tex/generic/babel/babel.sty
Package: babel 2019/05/04 3.31 The Babel package

(/usr/local/texlive/2019/texmf-dist/tex/generic/babel/switch.def
File: switch.def 2019/05/04 3.31 Babel switching mechanism
)
(/usr/local/texlive/2019/texmf-dist/tex/generic/babel-italian/italian.ldf
Language: italian 2019/01/05 v.1.4.01 Italian support for the babel system

(/usr/local/texlive/2019/texmf-dist/tex/generic/babel/babel.def
File: babel.def 2019/05/04 3.31 Babel common definitions
\babel@savecnt=\count89
\U@D=\dimen103

(/usr/local/texlive/2019/texmf-dist/tex/generic/babel/txtbabel.def)
\bbl@dirlevel=\count90
)
\it@lettering=\count91
\it@doublequoteactive=\count92
\it@ISOcompliance=\count93
))
(/usr/local/texlive/2019/texmf-dist/tex/latex/etoolbox/etoolbox.sty
Package: etoolbox 2018/08/19 v2.5f e-TeX tools for LaTeX (JAW)
\etb@tempcnta=\count94
)
(/usr/local/texlive/2019/texmf-dist/tex/latex/base/inputenc.sty
Package: inputenc 2018/08/11 v1.3c Input encoding file
\inpenc@prehook=\toks14
\inpenc@posthook=\toks15
)
(/usr/local/texlive/2019/texmf-dist/tex/latex/base/fontenc.sty
Package: fontenc 2018/08/11 v2.0j Standard LaTeX package

(/usr/local/texlive/2019/texmf-dist/tex/latex/base/t1enc.def
File: t1enc.def 2018/08/11 v2.0j Standard LaTeX file
LaTeX Font Info:    Redeclaring font encoding T1 on input line 48.
))
(/usr/local/texlive/2019/texmf-dist/tex/latex/microtype/microtype.sty
Package: microtype 2019/02/28 v2.7b Micro-typographical refinements (RS)

(/usr/local/texlive/2019/texmf-dist/tex/latex/graphics/keyval.sty
Package: keyval 2014/10/28 v1.15 key=value parser (DPC)
\KV@toks@=\toks16
)
\MT@toks=\toks17
\MT@count=\count95
LaTeX Info: Redefining \textls on input line 790.
\MT@outer@kern=\dimen104
LaTeX Info: Redefining \textmicrotypecontext on input line 1336.
\MT@listname@count=\count96

(/usr/local/texlive/2019/texmf-dist/tex/latex/microtype/microtype-pdftex.def
File: microtype-pdftex.def 2019/02/28 v2.7b Definitions specific to pdftex (RS)

LaTeX Info: Redefining \lsstyle on input line 914.
LaTeX Info: Redefining \lslig on input line 914.
\MT@outer@space=\skip43
)
Package microtype Info: Loading configuration file microtype.cfg.

(/usr/local/texlive/2019/texmf-dist/tex/latex/microtype/microtype.cfg
File: microtype.cfg 2019/02/28 v2.7b microtype main configuration file (RS)
))
(/usr/local/texlive/2019/texmf-dist/tex/latex/xcolor/xcolor.sty
Package: xcolor 2016/05/11 v2.12 LaTeX color extensions (UK)

(/usr/local/texlive/2019/texmf-dist/tex/latex/graphics-cfg/color.cfg
File: color.cfg 2016/01/02 v1.6 sample color configuration
)
Package xcolor Info: Driver file: pdftex.def on input line 225.

(/usr/local/texlive/2019/texmf-dist/tex/latex/graphics-def/pdftex.def
File: pdftex.def 2018/01/08 v1.0l Graphics/color driver for pdftex
)
Package xcolor Info: Model `cmy' substituted by `cmy0' on input line 1348.
Package xcolor Info: Model `hsb' substituted by `rgb' on input line 1352.
Package xcolor Info: Model `RGB' extended on input line 1364.
Package xcolor Info: Model `HTML' substituted by `rgb' on input line 1366.
Package xcolor Info: Model `Hsb' substituted by `hsb' on input line 1367.
Package xcolor Info: Model `tHsb' substituted by `hsb' on input line 1368.
Package xcolor Info: Model `HSB' substituted by `hsb' on input line 1369.
Package xcolor Info: Model `Gray' substituted by `gray' on input line 1370.
Package xcolor Info: Model `wave' substituted by `hsb' on input line 1371.
)
(/usr/local/texlive/2019/texmf-dist/tex/latex/titlesec/titlesec.sty
Package: titlesec 2016/03/21 v2.10.2 Sectioning titles
\ttl@box=\box27
\beforetitleunit=\skip44
\aftertitleunit=\skip45
\ttl@plus=\dimen105
\ttl@minus=\dimen106
\ttl@toksa=\toks18
\titlewidth=\dimen107
\titlewidthlast=\dimen108
\titlewidthfirst=\dimen109
)
(/usr/local/texlive/2019/texmf-dist/tex/latex/xargs/xargs.sty
Package: xargs 2008/03/22 v1.1  extended macro definitions  (mpg)

(/usr/local/texlive/2019/texmf-dist/tex/latex/xkeyval/xkeyval.sty
Package: xkeyval 2014/12/03 v2.7a package option processing (HA)

(/usr/local/texlive/2019/texmf-dist/tex/generic/xkeyval/xkeyval.tex
(/usr/local/texlive/2019/texmf-dist/tex/generic/xkeyval/xkvutils.tex
\XKV@toks=\toks19
\XKV@tempa@toks=\toks20
)
\XKV@depth=\count97
File: xkeyval.tex 2014/12/03 v2.7a key=value parser (HA)
))
\xargs@max=\count98
\xargs@toksa=\toks21
\xargs@toksb=\toks22
)
(/usr/local/texlive/2019/texmf-dist/tex/latex/tools/multicol.sty
Package: multicol 2018/12/27 v1.8v multicolumn formatting (FMi)
\c@tracingmulticols=\count99
\mult@box=\box28
\multicol@leftmargin=\dimen110
\c@unbalance=\count100
\c@collectmore=\count101
\doublecol@number=\count102
\multicoltolerance=\count103
\multicolpretolerance=\count104
\full@width=\dimen111
\page@free=\dimen112
\premulticols=\dimen113
\postmulticols=\dimen114
\multicolsep=\skip46
\multicolbaselineskip=\skip47
\partial@page=\box29
\last@line=\box30
\maxbalancingoverflow=\dimen115
\mult@rightbox=\box31
\mult@grightbox=\box32
\mult@gfirstbox=\box33
\mult@firstbox=\box34
\@tempa=\box35
\@tempa=\box36
\@tempa=\box37
\@tempa=\box38
\@tempa=\box39
\@tempa=\box40
\@tempa=\box41
\@tempa=\box42
\@tempa=\box43
\@tempa=\box44
\@tempa=\box45
\@tempa=\box46
\@tempa=\box47
\@tempa=\box48
\@tempa=\box49
\@tempa=\box50
\@tempa=\box51
\c@columnbadness=\count105
\c@finalcolumnbadness=\count106
\last@try=\dimen116
\multicolovershoot=\dimen117
\multicolundershoot=\dimen118
\mult@nat@firstbox=\box52
\colbreak@box=\box53
\mc@col@check@num=\count107
)
(/usr/local/texlive/2019/texmf-dist/tex/latex/frontespizio/frontespizio.sty
Package: frontespizio 2011/09/21 1.4a (Enrico Gregorio)

(/usr/local/texlive/2019/texmf-dist/tex/latex/tools/afterpage.sty
Package: afterpage 2014/10/28 v1.08 After-Page Package (DPC)
\AP@output=\toks23
\AP@partial=\box54
\AP@footins=\box55
)
(/usr/local/texlive/2019/texmf-dist/tex/latex/graphics/graphicx.sty
Package: graphicx 2017/06/01 v1.1a Enhanced LaTeX Graphics (DPC,SPQR)

(/usr/local/texlive/2019/texmf-dist/tex/latex/graphics/graphics.sty
Package: graphics 2017/06/25 v1.2c Standard LaTeX Graphics (DPC,SPQR)

(/usr/local/texlive/2019/texmf-dist/tex/latex/graphics/trig.sty
Package: trig 2016/01/03 v1.10 sin cos tan (DPC)
)
(/usr/local/texlive/2019/texmf-dist/tex/latex/graphics-cfg/graphics.cfg
File: graphics.cfg 2016/06/04 v1.11 sample graphics configuration
)
Package graphics Info: Driver file: pdftex.def on input line 99.
)
\Gin@req@height=\dimen119
\Gin@req@width=\dimen120
)
(/usr/local/texlive/2019/texmf-dist/tex/generic/oberdiek/atbegshi.sty
Package: atbegshi 2016/06/09 v1.18 At begin shipout hook (HO)

(/usr/local/texlive/2019/texmf-dist/tex/generic/oberdiek/infwarerr.sty
Package: infwarerr 2016/05/16 v1.4 Providing info/warning/error messages (HO)
)
(/usr/local/texlive/2019/texmf-dist/tex/generic/oberdiek/ltxcmds.sty
Package: ltxcmds 2016/05/16 v1.23 LaTeX kernel commands for general use (HO)
)
(/usr/local/texlive/2019/texmf-dist/tex/generic/oberdiek/ifpdf.sty
Package: ifpdf 2018/09/07 v3.3 Provides the ifpdf switch
))
(/usr/local/texlive/2019/texmf-dist/tex/latex/environ/environ.sty
Package: environ 2014/05/04 v0.3 A new way to define environments

(/usr/local/texlive/2019/texmf-dist/tex/latex/trimspaces/trimspaces.sty
Package: trimspaces 2009/09/17 v1.1 Trim spaces around a token list
)
\@envbody=\toks24
)
(/usr/local/texlive/2019/texmf-dist/tex/generic/ifxetex/ifxetex.sty
Package: ifxetex 2010/09/12 v0.6 Provides ifxetex conditional
)
\front@out=\write3
\openout3 = `paradiso_vii_xxxiii-frn.tex'.

)
(/usr/local/texlive/2019/texmf-dist/tex/latex/quoting/quoting.sty
Package: quoting 2014/01/28 v0.1c Consolidated environment for displayed text

(/usr/local/texlive/2019/texmf-dist/tex/latex/oberdiek/kvoptions.sty
Package: kvoptions 2016/05/16 v3.12 Key value format for package options (HO)

(/usr/local/texlive/2019/texmf-dist/tex/generic/oberdiek/kvsetkeys.sty
Package: kvsetkeys 2016/05/16 v1.17 Key value parser (HO)

(/usr/local/texlive/2019/texmf-dist/tex/generic/oberdiek/etexcmds.sty
Package: etexcmds 2016/05/16 v1.6 Avoid name clashes with e-TeX commands (HO)

(/usr/local/texlive/2019/texmf-dist/tex/generic/oberdiek/ifluatex.sty
Package: ifluatex 2016/05/16 v1.4 Provides the ifluatex switch (HO)
Package ifluatex Info: LuaTeX not detected.
))))
\quo@toppartop=\skip48
)
(/usr/local/texlive/2019/texmf-dist/tex/generic/ulem/ulem.sty
\UL@box=\box56
\UL@hyphenbox=\box57
\UL@skip=\skip49
\UL@hook=\toks25
\UL@height=\dimen121
\UL@pe=\count108
\UL@pixel=\dimen122
\ULC@box=\box58
Package: ulem 2012/05/18
\ULdepth=\dimen123
)
(/usr/local/texlive/2019/texmf-dist/tex/latex/framed/framed.sty
Package: framed 2011/10/22 v 0.96: framed or shaded text with page breaks
\OuterFrameSep=\skip50
\fb@frw=\dimen124
\fb@frh=\dimen125
\FrameRule=\dimen126
\FrameSep=\dimen127
)
(/usr/local/texlive/2019/texmf-dist/tex/latex/amsmath/amsmath.sty
Package: amsmath 2018/12/01 v2.17b AMS math features
\@mathmargin=\skip51

For additional information on amsmath, use the `?' option.
(/usr/local/texlive/2019/texmf-dist/tex/latex/amsmath/amstext.sty
Package: amstext 2000/06/29 v2.01 AMS text

(/usr/local/texlive/2019/texmf-dist/tex/latex/amsmath/amsgen.sty
File: amsgen.sty 1999/11/30 v2.0 generic functions
\@emptytoks=\toks26
\ex@=\dimen128
))
(/usr/local/texlive/2019/texmf-dist/tex/latex/amsmath/amsbsy.sty
Package: amsbsy 1999/11/29 v1.2d Bold Symbols
\pmbraise@=\dimen129
)
(/usr/local/texlive/2019/texmf-dist/tex/latex/amsmath/amsopn.sty
Package: amsopn 2016/03/08 v2.02 operator names
)
\inf@bad=\count109
LaTeX Info: Redefining \frac on input line 223.
\uproot@=\count110
\leftroot@=\count111
LaTeX Info: Redefining \overline on input line 385.
\classnum@=\count112
\DOTSCASE@=\count113
LaTeX Info: Redefining \ldots on input line 482.
LaTeX Info: Redefining \dots on input line 485.
LaTeX Info: Redefining \cdots on input line 606.
\Mathstrutbox@=\box59
\strutbox@=\box60
\big@size=\dimen130
LaTeX Font Info:    Redeclaring font encoding OML on input line 729.
LaTeX Font Info:    Redeclaring font encoding OMS on input line 730.
\macc@depth=\count114
\c@MaxMatrixCols=\count115
\dotsspace@=\muskip10
\c@parentequation=\count116
\dspbrk@lvl=\count117
\tag@help=\toks27
\row@=\count118
\column@=\count119
\maxfields@=\count120
\andhelp@=\toks28
\eqnshift@=\dimen131
\alignsep@=\dimen132
\tagshift@=\dimen133
\tagwidth@=\dimen134
\totwidth@=\dimen135
\lineht@=\dimen136
\@envbody=\toks29
\multlinegap=\skip52
\multlinetaggap=\skip53
\mathdisplay@stack=\toks30
LaTeX Info: Redefining \[ on input line 2844.
LaTeX Info: Redefining \] on input line 2845.
)
(/usr/local/texlive/2019/texmf-dist/tex/latex/verse/verse.sty
Package: verse 2009/09/04 v2.4a verse typesetting
\c@vslineno=\count121
\c@poemline=\count122
\c@fvsline=\count123
\c@modulo@vs=\count124
\c@verse@envctr=\count125
\versewidth=\skip54
\vgap=\skip55
\vindent=\skip56
\stanzaskip=\skip57
\vleftskip=\skip58
\vrightskip=\skip59
\c@chrsinstr=\count126
\beforepoemtitleskip=\skip60
\afterpoemtitleskip=\skip61
)
\c@mar=\count127

(/usr/local/texlive/2019/texmf-dist/tex/latex/fancyhdr/fancyhdr.sty
Package: fancyhdr 2019/01/31 v3.10 Extensive control of page headers and footer
s
\f@nch@headwidth=\skip62
\f@nch@O@elh=\skip63
\f@nch@O@erh=\skip64
\f@nch@O@olh=\skip65
\f@nch@O@orh=\skip66
\f@nch@O@elf=\skip67
\f@nch@O@erf=\skip68
\f@nch@O@olf=\skip69
\f@nch@O@orf=\skip70
)
\sidebar=\skip71
\envrule=\skip72
\envborder=\skip73

(/usr/local/texlive/2019/texmf-dist/tex/latex/hyperref/hyperref.sty
Package: hyperref 2018/11/30 v6.88e Hypertext links for LaTeX

(/usr/local/texlive/2019/texmf-dist/tex/generic/oberdiek/hobsub-hyperref.sty
Package: hobsub-hyperref 2016/05/16 v1.14 Bundle oberdiek, subset hyperref (HO)


(/usr/local/texlive/2019/texmf-dist/tex/generic/oberdiek/hobsub-generic.sty
Package: hobsub-generic 2016/05/16 v1.14 Bundle oberdiek, subset generic (HO)
Package: hobsub 2016/05/16 v1.14 Construct package bundles (HO)
Package hobsub Info: Skipping package `infwarerr' (already loaded).
Package hobsub Info: Skipping package `ltxcmds' (already loaded).
Package hobsub Info: Skipping package `ifluatex' (already loaded).
Package: ifvtex 2016/05/16 v1.6 Detect VTeX and its facilities (HO)
Package ifvtex Info: VTeX not detected.
Package: intcalc 2016/05/16 v1.2 Expandable calculations with integers (HO)
Package hobsub Info: Skipping package `ifpdf' (already loaded).
Package hobsub Info: Skipping package `etexcmds' (already loaded).
Package hobsub Info: Skipping package `kvsetkeys' (already loaded).
Package: kvdefinekeys 2016/05/16 v1.4 Define keys (HO)
Package: pdftexcmds 2018/09/10 v0.29 Utility functions of pdfTeX for LuaTeX (HO
)
Package pdftexcmds Info: LuaTeX not detected.
Package pdftexcmds Info: \pdf@primitive is available.
Package pdftexcmds Info: \pdf@ifprimitive is available.
Package pdftexcmds Info: \pdfdraftmode found.
Package: pdfescape 2016/05/16 v1.14 Implements pdfTeX's escape features (HO)
Package: bigintcalc 2016/05/16 v1.4 Expandable calculations on big integers (HO
)
Package: bitset 2016/05/16 v1.2 Handle bit-vector datatype (HO)
Package: uniquecounter 2016/05/16 v1.3 Provide unlimited unique counter (HO)
)
Package hobsub Info: Skipping package `hobsub' (already loaded).
Package: letltxmacro 2016/05/16 v1.5 Let assignment for LaTeX macros (HO)
Package: hopatch 2016/05/16 v1.3 Wrapper for package hooks (HO)
Package: xcolor-patch 2016/05/16 xcolor patch
Package: atveryend 2016/05/16 v1.9 Hooks at the very end of document (HO)
Package hobsub Info: Skipping package `atbegshi' (already loaded).
Package: refcount 2016/05/16 v3.5 Data extraction from label references (HO)
Package: hycolor 2016/05/16 v1.8 Color options for hyperref/bookmark (HO)
)
(/usr/local/texlive/2019/texmf-dist/tex/latex/oberdiek/auxhook.sty
Package: auxhook 2016/05/16 v1.4 Hooks for auxiliary files (HO)
)
\@linkdim=\dimen137
\Hy@linkcounter=\count128
\Hy@pagecounter=\count129

(/usr/local/texlive/2019/texmf-dist/tex/latex/hyperref/pd1enc.def
File: pd1enc.def 2018/11/30 v6.88e Hyperref: PDFDocEncoding definition (HO)
Now handling font encoding PD1 ...
... no UTF-8 mapping file for font encoding PD1
)
\Hy@SavedSpaceFactor=\count130

(/usr/local/texlive/2019/texmf-dist/tex/latex/latexconfig/hyperref.cfg
File: hyperref.cfg 2002/06/06 v1.2 hyperref configuration of TeXLive
)
Package hyperref Info: Option `colorlinks' set `true' on input line 4393.
Package hyperref Info: Hyper figures OFF on input line 4519.
Package hyperref Info: Link nesting OFF on input line 4524.
Package hyperref Info: Hyper index ON on input line 4527.
Package hyperref Info: Plain pages OFF on input line 4534.
Package hyperref Info: Backreferencing OFF on input line 4539.
Package hyperref Info: Implicit mode ON; LaTeX internals redefined.
Package hyperref Info: Bookmarks ON on input line 4772.
\c@Hy@tempcnt=\count131

(/usr/local/texlive/2019/texmf-dist/tex/latex/url/url.sty
\Urlmuskip=\muskip11
Package: url 2013/09/16  ver 3.4  Verb mode for urls, etc.
)
LaTeX Info: Redefining \url on input line 5125.
\XeTeXLinkMargin=\dimen138
\Fld@menulength=\count132
\Field@Width=\dimen139
\Fld@charsize=\dimen140
Package hyperref Info: Hyper figures OFF on input line 6380.
Package hyperref Info: Link nesting OFF on input line 6385.
Package hyperref Info: Hyper index ON on input line 6388.
Package hyperref Info: backreferencing OFF on input line 6395.
Package hyperref Info: Link coloring ON on input line 6398.
Package hyperref Info: Link coloring with OCG OFF on input line 6405.
Package hyperref Info: PDF/A mode OFF on input line 6410.
LaTeX Info: Redefining \ref on input line 6450.
LaTeX Info: Redefining \pageref on input line 6454.
\Hy@abspage=\count133
\c@Item=\count134
\c@Hfootnote=\count135
)
Package hyperref Info: Driver (autodetected): hpdftex.

(/usr/local/texlive/2019/texmf-dist/tex/latex/hyperref/hpdftex.def
File: hpdftex.def 2018/11/30 v6.88e Hyperref driver for pdfTeX
\Fld@listcount=\count136
\c@bookmark@seq@number=\count137

(/usr/local/texlive/2019/texmf-dist/tex/latex/oberdiek/rerunfilecheck.sty
Package: rerunfilecheck 2016/05/16 v1.8 Rerun checks for auxiliary files (HO)
Package uniquecounter Info: New unique counter `rerunfilecheck' on input line 2
82.
)
\Hy@SectionHShift=\skip74
)
Package hyperref Info: Option `colorlinks' set `true' on input line 206.

(./paradiso_vii_xxxiii.aux

LaTeX Warning: Label `0.1' multiply defined.


LaTeX Warning: Label `0.2' multiply defined.


LaTeX Warning: Label `0.3' multiply defined.


LaTeX Warning: Label `0.4' multiply defined.


LaTeX Warning: Label `0.5' multiply defined.


LaTeX Warning: Label `0.6' multiply defined.


LaTeX Warning: Label `0.7' multiply defined.


LaTeX Warning: Label `0.8' multiply defined.


LaTeX Warning: Label `0.9' multiply defined.


LaTeX Warning: Label `0.10' multiply defined.


LaTeX Warning: Label `0.11' multiply defined.


LaTeX Warning: Label `0.12' multiply defined.


LaTeX Warning: Label `0.13' multiply defined.


LaTeX Warning: Label `0.14' multiply defined.


LaTeX Warning: Label `0.15' multiply defined.


LaTeX Warning: Label `0.16' multiply defined.


LaTeX Warning: Label `0.17' multiply defined.


LaTeX Warning: Label `0.18' multiply defined.


LaTeX Warning: Label `0.19' multiply defined.


LaTeX Warning: Label `0.20' multiply defined.


LaTeX Warning: Label `0.21' multiply defined.


LaTeX Warning: Label `0.22' multiply defined.


LaTeX Warning: Label `0.23' multiply defined.


LaTeX Warning: Label `0.24' multiply defined.


LaTeX Warning: Label `0.25' multiply defined.


LaTeX Warning: Label `0.26' multiply defined.


LaTeX Warning: Label `0.27' multiply defined.


LaTeX Warning: Label `0.28' multiply defined.


LaTeX Warning: Label `0.29' multiply defined.


LaTeX Warning: Label `0.30' multiply defined.


LaTeX Warning: Label `0.1' multiply defined.


LaTeX Warning: Label `0.2' multiply defined.


LaTeX Warning: Label `0.3' multiply defined.


LaTeX Warning: Label `0.4' multiply defined.


LaTeX Warning: Label `0.5' multiply defined.


LaTeX Warning: Label `0.6' multiply defined.


LaTeX Warning: Label `0.7' multiply defined.


LaTeX Warning: Label `0.8' multiply defined.


LaTeX Warning: Label `0.9' multiply defined.


LaTeX Warning: Label `0.10' multiply defined.


LaTeX Warning: Label `0.11' multiply defined.


LaTeX Warning: Label `0.12' multiply defined.


LaTeX Warning: Label `0.13' multiply defined.


LaTeX Warning: Label `0.14' multiply defined.


LaTeX Warning: Label `0.15' multiply defined.


LaTeX Warning: Label `0.16' multiply defined.


LaTeX Warning: Label `0.17' multiply defined.


LaTeX Warning: Label `0.18' multiply defined.


LaTeX Warning: Label `0.19' multiply defined.


LaTeX Warning: Label `0.20' multiply defined.


LaTeX Warning: Label `0.21' multiply defined.


LaTeX Warning: Label `0.22' multiply defined.


LaTeX Warning: Label `0.23' multiply defined.


LaTeX Warning: Label `0.24' multiply defined.


LaTeX Warning: Label `0.25' multiply defined.


LaTeX Warning: Label `0.26' multiply defined.


LaTeX Warning: Label `0.27' multiply defined.


LaTeX Warning: Label `0.28' multiply defined.


LaTeX Warning: Label `0.29' multiply defined.


LaTeX Warning: Label `0.30' multiply defined.


LaTeX Warning: Label `0.31' multiply defined.


LaTeX Warning: Label `0.32' multiply defined.


LaTeX Warning: Label `0.33' multiply defined.


LaTeX Warning: Label `0.34' multiply defined.


LaTeX Warning: Label `0.35' multiply defined.


LaTeX Warning: Label `0.36' multiply defined.


LaTeX Warning: Label `0.37' multiply defined.


LaTeX Warning: Label `0.38' multiply defined.


LaTeX Warning: Label `0.39' multiply defined.


LaTeX Warning: Label `0.40' multiply defined.


LaTeX Warning: Label `0.41' multiply defined.


LaTeX Warning: Label `0.42' multiply defined.


LaTeX Warning: Label `0.43' multiply defined.


LaTeX Warning: Label `0.44' multiply defined.


LaTeX Warning: Label `0.45' multiply defined.


LaTeX Warning: Label `0.46' multiply defined.


LaTeX Warning: Label `0.47' multiply defined.


LaTeX Warning: Label `0.48' multiply defined.


LaTeX Warning: Label `0.49' multiply defined.


LaTeX Warning: Label `0.50' multiply defined.


LaTeX Warning: Label `0.51' multiply defined.

)
\openout1 = `paradiso_vii_xxxiii.aux'.

LaTeX Font Info:    Checking defaults for OML/cmm/m/it on input line 208.
LaTeX Font Info:    ... okay on input line 208.
LaTeX Font Info:    Checking defaults for T1/cmr/m/n on input line 208.
LaTeX Font Info:    ... okay on input line 208.
LaTeX Font Info:    Checking defaults for OT1/cmr/m/n on input line 208.
LaTeX Font Info:    ... okay on input line 208.
LaTeX Font Info:    Checking defaults for OMS/cmsy/m/n on input line 208.
LaTeX Font Info:    ... okay on input line 208.
LaTeX Font Info:    Checking defaults for OMX/cmex/m/n on input line 208.
LaTeX Font Info:    ... okay on input line 208.
LaTeX Font Info:    Checking defaults for U/cmr/m/n on input line 208.
LaTeX Font Info:    ... okay on input line 208.
LaTeX Font Info:    Checking defaults for PD1/pdf/m/n on input line 208.
LaTeX Font Info:    ... okay on input line 208.
LaTeX Info: Redefining \it@ocap on input line 208.
LaTeX Info: Redefining \it@ccap on input line 208.
LaTeX Info: Redefining \microtypecontext on input line 208.
Package microtype Info: Generating PDF output.
Package microtype Info: Character protrusion enabled (level 2).
Package microtype Info: Using default protrusion set `alltext'.
Package microtype Info: Automatic font expansion enabled (level 2),
(microtype)             stretch: 20, shrink: 20, step: 1, non-selected.
Package microtype Info: Using default expansion set `basictext'.
Package microtype Info: No adjustment of tracking.
Package microtype Info: No adjustment of interword spacing.
Package microtype Info: No adjustment of character kerning.
 (/usr/local/texlive/2019/texmf-dist/tex/latex/microtype/mt-cmr.cfg
File: mt-cmr.cfg 2013/05/19 v2.2 microtype config. file: Computer Modern Roman 
(RS)
)
(/usr/local/texlive/2019/texmf-dist/tex/context/base/mkii/supp-pdf.mkii
[Loading MPS to PDF converter (version 2006.09.02).]
\scratchcounter=\count138
\scratchdimen=\dimen141
\scratchbox=\box61
\nofMPsegments=\count139
\nofMParguments=\count140
\everyMPshowfont=\toks31
\MPscratchCnt=\count141
\MPscratchDim=\dimen142
\MPnumerator=\count142
\makeMPintoPDFobject=\count143
\everyMPtoPDFconversion=\toks32
) (/usr/local/texlive/2019/texmf-dist/tex/latex/oberdiek/epstopdf-base.sty
Package: epstopdf-base 2016/05/15 v2.6 Base part for package epstopdf

(/usr/local/texlive/2019/texmf-dist/tex/latex/oberdiek/grfext.sty
Package: grfext 2016/05/16 v1.2 Manage graphics extensions (HO)
)
Package epstopdf-base Info: Redefining graphics rule for `.eps' on input line 4
38.
Package grfext Info: Graphics extension search list:
(grfext)             [.pdf,.png,.jpg,.mps,.jpeg,.jbig2,.jb2,.PDF,.PNG,.JPG,.JPE
G,.JBIG2,.JB2,.eps]
(grfext)             \AppendGraphicsExtensions on input line 456.

(/usr/local/texlive/2019/texmf-dist/tex/latex/latexconfig/epstopdf-sys.cfg
File: epstopdf-sys.cfg 2010/07/13 v1.3 Configuration of (r)epstopdf for TeX Liv
e
))
\AtBeginShipoutBox=\box62
Package hyperref Info: Link coloring ON on input line 208.

(/usr/local/texlive/2019/texmf-dist/tex/latex/hyperref/nameref.sty
Package: nameref 2016/05/21 v2.44 Cross-referencing by name of section

(/usr/local/texlive/2019/texmf-dist/tex/generic/oberdiek/gettitlestring.sty
Package: gettitlestring 2016/05/16 v1.5 Cleanup title references (HO)
)
\c@section@level=\count144
)
LaTeX Info: Redefining \ref on input line 208.
LaTeX Info: Redefining \pageref on input line 208.
LaTeX Info: Redefining \nameref on input line 208.

(./paradiso_vii_xxxiii.out) (./paradiso_vii_xxxiii.out)
\@outlinefile=\write4
\openout4 = `paradiso_vii_xxxiii.out'.

<paradiso_vii_xxxiii-frn.pdf, id=112, 597.50829pt x 845.0471pt>
File: paradiso_vii_xxxiii-frn.pdf Graphic file (type pdf)
<use paradiso_vii_xxxiii-frn.pdf>
Package pdftex.def Info: paradiso_vii_xxxiii-frn.pdf  used on input line 210.
(pdftex.def)             Requested size: 597.50682pt x 845.04504pt.
 [1


 <./paradiso_vii_xxxiii-frn.pdf{/usr/local/texlive/2019/texmf-var/fonts/map/pdf
tex/updmap/pdftex.map}>] [2

] (./paradiso_vii_xxxiii.toc [3])
\tf@toc=\write5
\openout5 = `paradiso_vii_xxxiii.toc'.

 [4] [5

] [6

] [7] [8

] [9] [10

] [11]
[12

] [13]

LaTeX Warning: Marginpar on page 14 moved.

[14]

LaTeX Warning: Marginpar on page 15 moved.


LaTeX Warning: Marginpar on page 15 moved.


LaTeX Warning: Marginpar on page 15 moved.


LaTeX Warning: Marginpar on page 15 moved.


LaTeX Warning: Marginpar on page 15 moved.

[15]
LaTeX Font Info:    Try loading font information for OMS+cmr on input line 337.

 (/usr/local/texlive/2019/texmf-dist/tex/latex/base/omscmr.fd
File: omscmr.fd 2014/09/29 v2.5h Standard LaTeX font definitions
)
LaTeX Font Info:    Font shape `OMS/cmr/m/n' in size <10> not available
(Font)              Font shape `OMS/cmsy/m/n' tried instead on input line 337.


LaTeX Warning: Marginpar on page 16 moved.


LaTeX Warning: Marginpar on page 16 moved.


LaTeX Warning: Marginpar on page 16 moved.


LaTeX Warning: Marginpar on page 16 moved.


LaTeX Warning: Marginpar on page 16 moved.


LaTeX Warning: Marginpar on page 16 moved.


LaTeX Warning: Marginpar on page 16 moved.


LaTeX Warning: Marginpar on page 16 moved.


LaTeX Warning: Marginpar on page 16 moved.

[16]
Underfull \hbox (badness 1365) in paragraph at lines 399--399
[]\T1/cmr/bx/n/10 30[]\T1/cmr/m/n/10 (+20) . ver-so Ro-ma: nel
 []


LaTeX Warning: Marginpar on page 17 moved.


LaTeX Warning: Marginpar on page 17 moved.


LaTeX Warning: Marginpar on page 17 moved.


LaTeX Warning: Marginpar on page 17 moved.


LaTeX Warning: Marginpar on page 17 moved.


LaTeX Warning: Marginpar on page 17 moved.


LaTeX Warning: Marginpar on page 17 moved.


Underfull \vbox (badness 10000) has occurred while \output is active []

 [17]

LaTeX Warning: Marginpar on page 18 moved.


LaTeX Warning: Marginpar on page 18 moved.


LaTeX Warning: Marginpar on page 18 moved.

[18] [19

] [20

] [21] [22

] [23] [24

] [25]
Underfull \hbox (badness 1173) in paragraph at lines 528--528
\T1/cmr/m/n/10 (+20) for-ma di pie-tra su una
 []


LaTeX Warning: Marginpar on page 26 moved.


LaTeX Warning: Marginpar on page 26 moved.


LaTeX Warning: Marginpar on page 26 moved.


LaTeX Warning: Marginpar on page 26 moved.


Underfull \hbox (badness 1742) in paragraph at lines 549--549
\T1/cmr/m/n/10 (+20) do si do-ve-va-no spo-sa-re.
 []


LaTeX Warning: Marginpar on page 26 moved.


LaTeX Warning: Marginpar on page 26 moved.


LaTeX Warning: Marginpar on page 26 moved.


LaTeX Warning: Marginpar on page 26 moved.


Underfull \hbox (badness 4660) in paragraph at lines 568--568
[]\T1/cmr/bx/n/10 13[]\T1/cmr/m/n/10 (+20) . sen-za fo-de-ra di
 []


LaTeX Warning: Marginpar on page 26 moved.


LaTeX Warning: Marginpar on page 26 moved.


Underfull \hbox (badness 4366) in paragraph at lines 574--574
[]\T1/cmr/bx/n/10 15[]\T1/cmr/m/n/10 (+20) . nes-su-na era ab-
 []


LaTeX Warning: Marginpar on page 26 moved.

[26]
Underfull \hbox (badness 1173) in paragraph at lines 582--582
[]\T1/cmr/bx/n/10 19[]\T1/cmr/m/n/10 (+20) . giu-ri-sta e po-li-ti-co
 []


LaTeX Warning: Marginpar on page 27 moved.


LaTeX Warning: Marginpar on page 27 moved.


LaTeX Warning: Marginpar on page 27 moved.


LaTeX Warning: Marginpar on page 27 moved.


LaTeX Warning: Marginpar on page 27 moved.


LaTeX Warning: Marginpar on page 27 moved.


LaTeX Warning: Marginpar on page 27 moved.


LaTeX Warning: Marginpar on page 27 moved.

[27] [28

] [29] [30

] [31]

LaTeX Warning: Marginpar on page 32 moved.


Underfull \hbox (badness 1308) in paragraph at lines 670--670
[]\T1/cmr/bx/n/10 4[]\T1/cmr/m/n/10 (+20) . ra-di-ce: ri-fe-ri-men-to
 []


LaTeX Warning: Marginpar on page 32 moved.


LaTeX Warning: Marginpar on page 32 moved.


Underfull \hbox (badness 1383) in paragraph at lines 672--672
\T1/cmr/m/n/10 (+20) ti ter-re-ne (un trian-go-lo
 []


LaTeX Warning: Marginpar on page 32 moved.


LaTeX Warning: Marginpar on page 32 moved.


LaTeX Warning: Marginpar on page 32 moved.


LaTeX Warning: Marginpar on page 32 moved.


LaTeX Warning: Marginpar on page 32 moved.


LaTeX Warning: Marginpar on page 32 moved.


LaTeX Warning: Marginpar on page 32 moved.


LaTeX Warning: Marginpar on page 32 moved.


LaTeX Warning: Marginpar on page 32 moved.


LaTeX Warning: Marginpar on page 32 moved.


LaTeX Warning: Marginpar on page 32 moved.

[32]

LaTeX Warning: Marginpar on page 33 moved.


LaTeX Warning: Marginpar on page 33 moved.


LaTeX Warning: Marginpar on page 33 moved.


LaTeX Warning: Marginpar on page 33 moved.


LaTeX Warning: Marginpar on page 33 moved.

[33]

LaTeX Warning: Marginpar on page 34 moved.


LaTeX Warning: Marginpar on page 34 moved.


LaTeX Warning: Marginpar on page 34 moved.


LaTeX Warning: Marginpar on page 34 moved.


LaTeX Warning: Marginpar on page 34 moved.


LaTeX Warning: Marginpar on page 34 moved.


LaTeX Warning: Marginpar on page 34 moved.


LaTeX Warning: Marginpar on page 34 moved.


LaTeX Warning: Marginpar on page 34 moved.


LaTeX Warning: Marginpar on page 34 moved.


LaTeX Warning: Marginpar on page 34 moved.

[34]

LaTeX Warning: Marginpar on page 35 moved.


LaTeX Warning: Marginpar on page 35 moved.


LaTeX Warning: Marginpar on page 35 moved.


LaTeX Warning: Marginpar on page 35 moved.


LaTeX Warning: Marginpar on page 35 moved.


LaTeX Warning: Marginpar on page 35 moved.


Underfull \hbox (badness 2384) in paragraph at lines 819--819
[]\T1/cmr/bx/n/10 52[]\T1/cmr/m/n/10 (+20) . sem-bra la pri-ma
 []


LaTeX Warning: Marginpar on page 35 moved.


LaTeX Warning: Marginpar on page 35 moved.


Underfull \vbox (badness 10000) has occurred while \output is active []

 [35]
[36] [37

] [38

] [39] [40

] [41] [42

] [43] [44

] [45] [46

] [47] [48

] [49] [50

]
[51] [52

] [53] [54

] [55] [56

] [57] [58

] [59] [60

] [61] [62

] [63] [64

] [65]
[66

]
Underfull \vbox (badness 2698) has occurred while \output is active []

 [67]
Underfull \vbox (badness 10000) has occurred while \output is active []

 [68]
Underfull \vbox (badness 10000) has occurred while \output is active []

 [69]
Package atveryend Info: Empty hook `BeforeClearDocument' on input line 1043.

[70]
Package atveryend Info: Empty hook `AfterLastShipout' on input line 1043.
 (./paradiso_vii_xxxiii.aux)
Package atveryend Info: Executing hook `AtVeryEndDocument' on input line 1043.
Package atveryend Info: Executing hook `AtEndAfterFileList' on input line 1043.

Package rerunfilecheck Info: File `paradiso_vii_xxxiii.out' has not changed.
(rerunfilecheck)             Checksum: F19E143108992A906D059D2627C3485A;1272.


LaTeX Warning: There were multiply-defined labels.

 ) 
Here is how much of TeX's memory you used:
 10800 strings out of 492616
 157449 string characters out of 6129481
 318707 words of memory out of 5000000
 13803 multiletter control sequences out of 15000+600000
 13605 words of font info for 79 fonts, out of 8000000 for 9000
 1141 hyphenation exceptions out of 8191
 41i,12n,43p,1613b,522s stack positions out of 5000i,500n,10000p,200000b,80000s
{/usr/local/texlive/2019/texmf-dist/fonts/enc/dvips/cm-super/cm-super-t1.enc}
</usr/local/texlive/2019/texmf-dist/fonts/type1/public/amsfonts/cm/cmbx12.pfb><
/usr/local/texlive/2019/texmf-dist/fonts/type1/public/amsfonts/cm/cmcsc10.pfb><
/usr/local/texlive/2019/texmf-dist/fonts/type1/public/amsfonts/cm/cmr10.pfb></u
sr/local/texlive/2019/texmf-dist/fonts/type1/public/amsfonts/cm/cmr12.pfb></usr
/local/texlive/2019/texmf-dist/fonts/type1/public/amsfonts/cm/cmsy10.pfb></usr/
local/texlive/2019/texmf-dist/fonts/type1/public/cm-super/sfbx1000.pfb></usr/lo
cal/texlive/2019/texmf-dist/fonts/type1/public/cm-super/sfbx2488.pfb></usr/loca
l/texlive/2019/texmf-dist/fonts/type1/public/cm-super/sfcc0800.pfb></usr/local/
texlive/2019/texmf-dist/fonts/type1/public/cm-super/sfcc1000.pfb></usr/local/te
xlive/2019/texmf-dist/fonts/type1/public/cm-super/sfrm0700.pfb></usr/local/texl
ive/2019/texmf-dist/fonts/type1/public/cm-super/sfrm1000.pfb></usr/local/texliv
e/2019/texmf-dist/fonts/type1/public/cm-super/sfti1000.pfb>
Output written on paradiso_vii_xxxiii.pdf (70 pages, 291978 bytes).
PDF statistics:
 1329 PDF objects out of 1440 (max. 8388607)
 1231 compressed objects within 13 object streams
 651 named destinations out of 1000 (max. 500000)
 13534 words of extra memory for PDF output out of 14400 (max. 10000000)

