This is pdfTeX, Version 3.14159265-2.6-1.40.20 (TeX Live 2019) (preloaded format=pdflatex 2019.8.21)  15 MAY 2021 18:50
entering extended mode
 restricted \write18 enabled.
 %&-line parsing enabled.
**riepilogo.tex
(./riepilogo.tex
LaTeX2e <2018-12-01>
(/usr/local/texlive/2019/texmf-dist/tex/latex/base/book.cls
Document Class: book 2018/09/03 v1.4i Standard LaTeX document class
(/usr/local/texlive/2019/texmf-dist/tex/latex/base/bk10.clo
File: bk10.clo 2018/09/03 v1.4i Standard LaTeX file (size option)
)
\c@part=\count80
\c@chapter=\count81
\c@section=\count82
\c@subsection=\count83
\c@subsubsection=\count84
\c@paragraph=\count85
\c@subparagraph=\count86
\c@figure=\count87
\c@table=\count88
\abovecaptionskip=\skip41
\belowcaptionskip=\skip42
\bibindent=\dimen102
)
(/usr/local/texlive/2019/texmf-dist/tex/generic/babel/babel.sty
Package: babel 2019/05/04 3.31 The Babel package

(/usr/local/texlive/2019/texmf-dist/tex/generic/babel/switch.def
File: switch.def 2019/05/04 3.31 Babel switching mechanism
)
(/usr/local/texlive/2019/texmf-dist/tex/generic/babel-italian/italian.ldf
Language: italian 2019/01/05 v.1.4.01 Italian support for the babel system

(/usr/local/texlive/2019/texmf-dist/tex/generic/babel/babel.def
File: babel.def 2019/05/04 3.31 Babel common definitions
\babel@savecnt=\count89
\U@D=\dimen103

(/usr/local/texlive/2019/texmf-dist/tex/generic/babel/txtbabel.def)
\bbl@dirlevel=\count90
)
\it@lettering=\count91
\it@doublequoteactive=\count92
\it@ISOcompliance=\count93
))
(/usr/local/texlive/2019/texmf-dist/tex/latex/etoolbox/etoolbox.sty
Package: etoolbox 2018/08/19 v2.5f e-TeX tools for LaTeX (JAW)
\etb@tempcnta=\count94
)
(/usr/local/texlive/2019/texmf-dist/tex/latex/base/inputenc.sty
Package: inputenc 2018/08/11 v1.3c Input encoding file
\inpenc@prehook=\toks14
\inpenc@posthook=\toks15
)
(/usr/local/texlive/2019/texmf-dist/tex/latex/base/fontenc.sty
Package: fontenc 2018/08/11 v2.0j Standard LaTeX package

(/usr/local/texlive/2019/texmf-dist/tex/latex/base/t1enc.def
File: t1enc.def 2018/08/11 v2.0j Standard LaTeX file
LaTeX Font Info:    Redeclaring font encoding T1 on input line 48.
))
(/usr/local/texlive/2019/texmf-dist/tex/latex/microtype/microtype.sty
Package: microtype 2019/02/28 v2.7b Micro-typographical refinements (RS)

(/usr/local/texlive/2019/texmf-dist/tex/latex/graphics/keyval.sty
Package: keyval 2014/10/28 v1.15 key=value parser (DPC)
\KV@toks@=\toks16
)
\MT@toks=\toks17
\MT@count=\count95
LaTeX Info: Redefining \textls on input line 790.
\MT@outer@kern=\dimen104
LaTeX Info: Redefining \textmicrotypecontext on input line 1336.
\MT@listname@count=\count96

(/usr/local/texlive/2019/texmf-dist/tex/latex/microtype/microtype-pdftex.def
File: microtype-pdftex.def 2019/02/28 v2.7b Definitions specific to pdftex (RS)

LaTeX Info: Redefining \lsstyle on input line 914.
LaTeX Info: Redefining \lslig on input line 914.
\MT@outer@space=\skip43
)
Package microtype Info: Loading configuration file microtype.cfg.

(/usr/local/texlive/2019/texmf-dist/tex/latex/microtype/microtype.cfg
File: microtype.cfg 2019/02/28 v2.7b microtype main configuration file (RS)
))
(/usr/local/texlive/2019/texmf-dist/tex/latex/xcolor/xcolor.sty
Package: xcolor 2016/05/11 v2.12 LaTeX color extensions (UK)

(/usr/local/texlive/2019/texmf-dist/tex/latex/graphics-cfg/color.cfg
File: color.cfg 2016/01/02 v1.6 sample color configuration
)
Package xcolor Info: Driver file: pdftex.def on input line 225.

(/usr/local/texlive/2019/texmf-dist/tex/latex/graphics-def/pdftex.def
File: pdftex.def 2018/01/08 v1.0l Graphics/color driver for pdftex
)
Package xcolor Info: Model `cmy' substituted by `cmy0' on input line 1348.
Package xcolor Info: Model `hsb' substituted by `rgb' on input line 1352.
Package xcolor Info: Model `RGB' extended on input line 1364.
Package xcolor Info: Model `HTML' substituted by `rgb' on input line 1366.
Package xcolor Info: Model `Hsb' substituted by `hsb' on input line 1367.
Package xcolor Info: Model `tHsb' substituted by `hsb' on input line 1368.
Package xcolor Info: Model `HSB' substituted by `hsb' on input line 1369.
Package xcolor Info: Model `Gray' substituted by `gray' on input line 1370.
Package xcolor Info: Model `wave' substituted by `hsb' on input line 1371.
)
(/usr/local/texlive/2019/texmf-dist/tex/latex/xargs/xargs.sty
Package: xargs 2008/03/22 v1.1  extended macro definitions  (mpg)

(/usr/local/texlive/2019/texmf-dist/tex/latex/xkeyval/xkeyval.sty
Package: xkeyval 2014/12/03 v2.7a package option processing (HA)

(/usr/local/texlive/2019/texmf-dist/tex/generic/xkeyval/xkeyval.tex
(/usr/local/texlive/2019/texmf-dist/tex/generic/xkeyval/xkvutils.tex
\XKV@toks=\toks18
\XKV@tempa@toks=\toks19
)
\XKV@depth=\count97
File: xkeyval.tex 2014/12/03 v2.7a key=value parser (HA)
))
\xargs@max=\count98
\xargs@toksa=\toks20
\xargs@toksb=\toks21
)
(/usr/local/texlive/2019/texmf-dist/tex/latex/tools/multicol.sty
Package: multicol 2018/12/27 v1.8v multicolumn formatting (FMi)
\c@tracingmulticols=\count99
\mult@box=\box27
\multicol@leftmargin=\dimen105
\c@unbalance=\count100
\c@collectmore=\count101
\doublecol@number=\count102
\multicoltolerance=\count103
\multicolpretolerance=\count104
\full@width=\dimen106
\page@free=\dimen107
\premulticols=\dimen108
\postmulticols=\dimen109
\multicolsep=\skip44
\multicolbaselineskip=\skip45
\partial@page=\box28
\last@line=\box29
\maxbalancingoverflow=\dimen110
\mult@rightbox=\box30
\mult@grightbox=\box31
\mult@gfirstbox=\box32
\mult@firstbox=\box33
\@tempa=\box34
\@tempa=\box35
\@tempa=\box36
\@tempa=\box37
\@tempa=\box38
\@tempa=\box39
\@tempa=\box40
\@tempa=\box41
\@tempa=\box42
\@tempa=\box43
\@tempa=\box44
\@tempa=\box45
\@tempa=\box46
\@tempa=\box47
\@tempa=\box48
\@tempa=\box49
\@tempa=\box50
\c@columnbadness=\count105
\c@finalcolumnbadness=\count106
\last@try=\dimen111
\multicolovershoot=\dimen112
\multicolundershoot=\dimen113
\mult@nat@firstbox=\box51
\colbreak@box=\box52
\mc@col@check@num=\count107
)
(/usr/local/texlive/2019/texmf-dist/tex/latex/graphics/graphicx.sty
Package: graphicx 2017/06/01 v1.1a Enhanced LaTeX Graphics (DPC,SPQR)

(/usr/local/texlive/2019/texmf-dist/tex/latex/graphics/graphics.sty
Package: graphics 2017/06/25 v1.2c Standard LaTeX Graphics (DPC,SPQR)

(/usr/local/texlive/2019/texmf-dist/tex/latex/graphics/trig.sty
Package: trig 2016/01/03 v1.10 sin cos tan (DPC)
)
(/usr/local/texlive/2019/texmf-dist/tex/latex/graphics-cfg/graphics.cfg
File: graphics.cfg 2016/06/04 v1.11 sample graphics configuration
)
Package graphics Info: Driver file: pdftex.def on input line 99.
)
\Gin@req@height=\dimen114
\Gin@req@width=\dimen115
)
(/usr/local/texlive/2019/texmf-dist/tex/latex/fancyhdr/fancyhdr.sty
Package: fancyhdr 2019/01/31 v3.10 Extensive control of page headers and footer
s
\f@nch@headwidth=\skip46
\f@nch@O@elh=\skip47
\f@nch@O@erh=\skip48
\f@nch@O@olh=\skip49
\f@nch@O@orh=\skip50
\f@nch@O@elf=\skip51
\f@nch@O@erf=\skip52
\f@nch@O@olf=\skip53
\f@nch@O@orf=\skip54
)
(/usr/local/texlive/2019/texmf-dist/tex/latex/verse/verse.sty
Package: verse 2009/09/04 v2.4a verse typesetting
\c@vslineno=\count108
\c@poemline=\count109
\c@fvsline=\count110
\c@modulo@vs=\count111
\c@verse@envctr=\count112
\versewidth=\skip55
\vgap=\skip56
\vindent=\skip57
\stanzaskip=\skip58
\vleftskip=\skip59
\vrightskip=\skip60
\c@chrsinstr=\count113
\beforepoemtitleskip=\skip61
\afterpoemtitleskip=\skip62
)
\c@mar=\count114

(/usr/local/texlive/2019/texmf-dist/tex/latex/hyperref/hyperref.sty
Package: hyperref 2018/11/30 v6.88e Hypertext links for LaTeX

(/usr/local/texlive/2019/texmf-dist/tex/generic/oberdiek/hobsub-hyperref.sty
Package: hobsub-hyperref 2016/05/16 v1.14 Bundle oberdiek, subset hyperref (HO)


(/usr/local/texlive/2019/texmf-dist/tex/generic/oberdiek/hobsub-generic.sty
Package: hobsub-generic 2016/05/16 v1.14 Bundle oberdiek, subset generic (HO)
Package: hobsub 2016/05/16 v1.14 Construct package bundles (HO)
Package: infwarerr 2016/05/16 v1.4 Providing info/warning/error messages (HO)
Package: ltxcmds 2016/05/16 v1.23 LaTeX kernel commands for general use (HO)
Package: ifluatex 2016/05/16 v1.4 Provides the ifluatex switch (HO)
Package ifluatex Info: LuaTeX not detected.
Package: ifvtex 2016/05/16 v1.6 Detect VTeX and its facilities (HO)
Package ifvtex Info: VTeX not detected.
Package: intcalc 2016/05/16 v1.2 Expandable calculations with integers (HO)
Package: ifpdf 2018/09/07 v3.3 Provides the ifpdf switch
Package: etexcmds 2016/05/16 v1.6 Avoid name clashes with e-TeX commands (HO)
Package: kvsetkeys 2016/05/16 v1.17 Key value parser (HO)
Package: kvdefinekeys 2016/05/16 v1.4 Define keys (HO)
Package: pdftexcmds 2018/09/10 v0.29 Utility functions of pdfTeX for LuaTeX (HO
)
Package pdftexcmds Info: LuaTeX not detected.
Package pdftexcmds Info: \pdf@primitive is available.
Package pdftexcmds Info: \pdf@ifprimitive is available.
Package pdftexcmds Info: \pdfdraftmode found.
Package: pdfescape 2016/05/16 v1.14 Implements pdfTeX's escape features (HO)
Package: bigintcalc 2016/05/16 v1.4 Expandable calculations on big integers (HO
)
Package: bitset 2016/05/16 v1.2 Handle bit-vector datatype (HO)
Package: uniquecounter 2016/05/16 v1.3 Provide unlimited unique counter (HO)
)
Package hobsub Info: Skipping package `hobsub' (already loaded).
Package: letltxmacro 2016/05/16 v1.5 Let assignment for LaTeX macros (HO)
Package: hopatch 2016/05/16 v1.3 Wrapper for package hooks (HO)
Package: xcolor-patch 2016/05/16 xcolor patch
Package: atveryend 2016/05/16 v1.9 Hooks at the very end of document (HO)
Package: atbegshi 2016/06/09 v1.18 At begin shipout hook (HO)
Package: refcount 2016/05/16 v3.5 Data extraction from label references (HO)
Package: hycolor 2016/05/16 v1.8 Color options for hyperref/bookmark (HO)
)
(/usr/local/texlive/2019/texmf-dist/tex/generic/ifxetex/ifxetex.sty
Package: ifxetex 2010/09/12 v0.6 Provides ifxetex conditional
)
(/usr/local/texlive/2019/texmf-dist/tex/latex/oberdiek/auxhook.sty
Package: auxhook 2016/05/16 v1.4 Hooks for auxiliary files (HO)
)
(/usr/local/texlive/2019/texmf-dist/tex/latex/oberdiek/kvoptions.sty
Package: kvoptions 2016/05/16 v3.12 Key value format for package options (HO)
)
\@linkdim=\dimen116
\Hy@linkcounter=\count115
\Hy@pagecounter=\count116

(/usr/local/texlive/2019/texmf-dist/tex/latex/hyperref/pd1enc.def
File: pd1enc.def 2018/11/30 v6.88e Hyperref: PDFDocEncoding definition (HO)
Now handling font encoding PD1 ...
... no UTF-8 mapping file for font encoding PD1
)
\Hy@SavedSpaceFactor=\count117

(/usr/local/texlive/2019/texmf-dist/tex/latex/latexconfig/hyperref.cfg
File: hyperref.cfg 2002/06/06 v1.2 hyperref configuration of TeXLive
)
Package hyperref Info: Option `colorlinks' set `true' on input line 4393.
Package hyperref Info: Hyper figures OFF on input line 4519.
Package hyperref Info: Link nesting OFF on input line 4524.
Package hyperref Info: Hyper index ON on input line 4527.
Package hyperref Info: Plain pages OFF on input line 4534.
Package hyperref Info: Backreferencing OFF on input line 4539.
Package hyperref Info: Implicit mode ON; LaTeX internals redefined.
Package hyperref Info: Bookmarks ON on input line 4772.
\c@Hy@tempcnt=\count118

(/usr/local/texlive/2019/texmf-dist/tex/latex/url/url.sty
\Urlmuskip=\muskip10
Package: url 2013/09/16  ver 3.4  Verb mode for urls, etc.
)
LaTeX Info: Redefining \url on input line 5125.
\XeTeXLinkMargin=\dimen117
\Fld@menulength=\count119
\Field@Width=\dimen118
\Fld@charsize=\dimen119
Package hyperref Info: Hyper figures OFF on input line 6380.
Package hyperref Info: Link nesting OFF on input line 6385.
Package hyperref Info: Hyper index ON on input line 6388.
Package hyperref Info: backreferencing OFF on input line 6395.
Package hyperref Info: Link coloring ON on input line 6398.
Package hyperref Info: Link coloring with OCG OFF on input line 6405.
Package hyperref Info: PDF/A mode OFF on input line 6410.
LaTeX Info: Redefining \ref on input line 6450.
LaTeX Info: Redefining \pageref on input line 6454.
\Hy@abspage=\count120
\c@Item=\count121
\c@Hfootnote=\count122
)
Package hyperref Info: Driver (autodetected): hpdftex.

(/usr/local/texlive/2019/texmf-dist/tex/latex/hyperref/hpdftex.def
File: hpdftex.def 2018/11/30 v6.88e Hyperref driver for pdfTeX
\Fld@listcount=\count123
\c@bookmark@seq@number=\count124

(/usr/local/texlive/2019/texmf-dist/tex/latex/oberdiek/rerunfilecheck.sty
Package: rerunfilecheck 2016/05/16 v1.8 Rerun checks for auxiliary files (HO)
Package uniquecounter Info: New unique counter `rerunfilecheck' on input line 2
82.
)
\Hy@SectionHShift=\skip63
)
Package hyperref Info: Option `colorlinks' set `true' on input line 87.

(./riepilogo.aux

LaTeX Warning: Label `0.1' multiply defined.


LaTeX Warning: Label `0.2' multiply defined.


LaTeX Warning: Label `0.1' multiply defined.


LaTeX Warning: Label `0.2' multiply defined.


LaTeX Warning: Label `0.3' multiply defined.


LaTeX Warning: Label `0.4' multiply defined.


LaTeX Warning: Label `0.5' multiply defined.


LaTeX Warning: Label `0.6' multiply defined.


LaTeX Warning: Label `0.7' multiply defined.


LaTeX Warning: Label `0.8' multiply defined.


LaTeX Warning: Label `0.9' multiply defined.


LaTeX Warning: Label `0.10' multiply defined.


LaTeX Warning: Label `0.11' multiply defined.


LaTeX Warning: Label `0.1' multiply defined.


LaTeX Warning: Label `0.2' multiply defined.


LaTeX Warning: Label `0.3' multiply defined.


LaTeX Warning: Label `0.4' multiply defined.


LaTeX Warning: Label `0.1' multiply defined.


LaTeX Warning: Label `0.2' multiply defined.


LaTeX Warning: Label `0.3' multiply defined.


LaTeX Warning: Label `0.4' multiply defined.


LaTeX Warning: Label `0.5' multiply defined.


LaTeX Warning: Label `0.1' multiply defined.


LaTeX Warning: Label `0.2' multiply defined.


LaTeX Warning: Label `0.3' multiply defined.


LaTeX Warning: Label `0.4' multiply defined.


LaTeX Warning: Label `0.5' multiply defined.


LaTeX Warning: Label `0.6' multiply defined.


LaTeX Warning: Label `0.7' multiply defined.


LaTeX Warning: Label `0.8' multiply defined.


LaTeX Warning: Label `0.9' multiply defined.


LaTeX Warning: Label `0.10' multiply defined.


LaTeX Warning: Label `0.11' multiply defined.


LaTeX Warning: Label `0.12' multiply defined.


LaTeX Warning: Label `0.13' multiply defined.


LaTeX Warning: Label `0.14' multiply defined.


LaTeX Warning: Label `0.15' multiply defined.


LaTeX Warning: Label `0.16' multiply defined.


LaTeX Warning: Label `0.17' multiply defined.


LaTeX Warning: Label `0.18' multiply defined.


LaTeX Warning: Label `0.19' multiply defined.


LaTeX Warning: Label `0.20' multiply defined.


LaTeX Warning: Label `0.21' multiply defined.


LaTeX Warning: Label `0.22' multiply defined.


LaTeX Warning: Label `0.23' multiply defined.

)
\openout1 = `riepilogo.aux'.

LaTeX Font Info:    Checking defaults for OML/cmm/m/it on input line 94.
LaTeX Font Info:    ... okay on input line 94.
LaTeX Font Info:    Checking defaults for T1/cmr/m/n on input line 94.
LaTeX Font Info:    ... okay on input line 94.
LaTeX Font Info:    Checking defaults for OT1/cmr/m/n on input line 94.
LaTeX Font Info:    ... okay on input line 94.
LaTeX Font Info:    Checking defaults for OMS/cmsy/m/n on input line 94.
LaTeX Font Info:    ... okay on input line 94.
LaTeX Font Info:    Checking defaults for OMX/cmex/m/n on input line 94.
LaTeX Font Info:    ... okay on input line 94.
LaTeX Font Info:    Checking defaults for U/cmr/m/n on input line 94.
LaTeX Font Info:    ... okay on input line 94.
LaTeX Font Info:    Checking defaults for PD1/pdf/m/n on input line 94.
LaTeX Font Info:    ... okay on input line 94.
LaTeX Info: Redefining \it@ocap on input line 94.
LaTeX Info: Redefining \it@ccap on input line 94.
LaTeX Info: Redefining \microtypecontext on input line 94.
Package microtype Info: Generating PDF output.
Package microtype Info: Character protrusion enabled (level 2).
Package microtype Info: Using default protrusion set `alltext'.
Package microtype Info: Automatic font expansion enabled (level 2),
(microtype)             stretch: 20, shrink: 20, step: 1, non-selected.
Package microtype Info: Using default expansion set `basictext'.
Package microtype Info: No adjustment of tracking.
Package microtype Info: No adjustment of interword spacing.
Package microtype Info: No adjustment of character kerning.
 (/usr/local/texlive/2019/texmf-dist/tex/latex/microtype/mt-cmr.cfg
File: mt-cmr.cfg 2013/05/19 v2.2 microtype config. file: Computer Modern Roman 
(RS)
)
(/usr/local/texlive/2019/texmf-dist/tex/context/base/mkii/supp-pdf.mkii
[Loading MPS to PDF converter (version 2006.09.02).]
\scratchcounter=\count125
\scratchdimen=\dimen120
\scratchbox=\box53
\nofMPsegments=\count126
\nofMParguments=\count127
\everyMPshowfont=\toks22
\MPscratchCnt=\count128
\MPscratchDim=\dimen121
\MPnumerator=\count129
\makeMPintoPDFobject=\count130
\everyMPtoPDFconversion=\toks23
) (/usr/local/texlive/2019/texmf-dist/tex/latex/oberdiek/epstopdf-base.sty
Package: epstopdf-base 2016/05/15 v2.6 Base part for package epstopdf

(/usr/local/texlive/2019/texmf-dist/tex/latex/oberdiek/grfext.sty
Package: grfext 2016/05/16 v1.2 Manage graphics extensions (HO)
)
Package epstopdf-base Info: Redefining graphics rule for `.eps' on input line 4
38.
Package grfext Info: Graphics extension search list:
(grfext)             [.pdf,.png,.jpg,.mps,.jpeg,.jbig2,.jb2,.PDF,.PNG,.JPG,.JPE
G,.JBIG2,.JB2,.eps]
(grfext)             \AppendGraphicsExtensions on input line 456.

(/usr/local/texlive/2019/texmf-dist/tex/latex/latexconfig/epstopdf-sys.cfg
File: epstopdf-sys.cfg 2010/07/13 v1.3 Configuration of (r)epstopdf for TeX Liv
e
))
\AtBeginShipoutBox=\box54
Package hyperref Info: Link coloring ON on input line 94.

(/usr/local/texlive/2019/texmf-dist/tex/latex/hyperref/nameref.sty
Package: nameref 2016/05/21 v2.44 Cross-referencing by name of section

(/usr/local/texlive/2019/texmf-dist/tex/generic/oberdiek/gettitlestring.sty
Package: gettitlestring 2016/05/16 v1.5 Cleanup title references (HO)
)
\c@section@level=\count131
)
LaTeX Info: Redefining \ref on input line 94.
LaTeX Info: Redefining \pageref on input line 94.
LaTeX Info: Redefining \nameref on input line 94.

(./riepilogo.out) (./riepilogo.out)
\@outlinefile=\write3
\openout3 = `riepilogo.out'.

LaTeX Font Info:    External font `cmex10' loaded for size
(Font)              <12> on input line 97.
LaTeX Font Info:    External font `cmex10' loaded for size
(Font)              <8> on input line 97.
LaTeX Font Info:    External font `cmex10' loaded for size
(Font)              <6> on input line 97.
 [1


{/usr/local/texlive/2019/texmf-var/fonts/map/pdftex/updmap/pdftex.map}] [2

] (./riepilogo.toc
LaTeX Font Info:    External font `cmex10' loaded for size
(Font)              <7> on input line 4.
LaTeX Font Info:    External font `cmex10' loaded for size
(Font)              <5> on input line 4.
 [3] [4])
\tf@toc=\write4
\openout4 = `riepilogo.toc'.

 [5] [6

]
LaTeX Font Info:    Try loading font information for OMS+cmr on input line 107.


(/usr/local/texlive/2019/texmf-dist/tex/latex/base/omscmr.fd
File: omscmr.fd 2014/09/29 v2.5h Standard LaTeX font definitions
)
LaTeX Font Info:    Font shape `OMS/cmr/m/n' in size <10> not available
(Font)              Font shape `OMS/cmsy/m/n' tried instead on input line 107.
 [7] [8]
Overfull \hbox (5.56627pt too wide) in paragraph at lines 248--260
\T1/cmr/m/n/10 (-20) In que-gli stes-si an-ni \T1/cmr/bx/n/10 Dar-win \T1/cmr/m
/n/10 (-20) sta-va svi-lup-pan-do le sue \T1/cmr/bx/n/10 teo-rie sull'\T1/cmr/b
x/it/10 evoluzionismo\T1/cmr/m/n/10 (-20) :
 []

[9] [10] [11] [12] [13

] [14] [15] [16] [17] [18] [19] [20

]
Underfull \vbox (badness 7221) has occurred while \output is active []

 [21]
[22] [23] [24] [25] [26] [27] [28] [29

] [30] [31] [32

] [33] [34] [35

] [36]
[37] [38] [39] [40] [41] [42

] [43] [44] [45

] [46] [47] [48] [49] [50] [51]
[52] [53]
Underfull \hbox (badness 2469) in paragraph at lines 1574--1574
[]\T1/cmr/bx/n/8 2[]\T1/cmr/m/n/8 (+20) . vie-ne for-ni-to co-me da-to
 []


LaTeX Warning: Marginpar on page 54 moved.

[54] [55] [56] [57] [58] [59]
Underfull \hbox (badness 1028) in paragraph at lines 1659--1659
\T1/cmr/m/n/8 (+20) fi-no al-la fi-ne di que-sto bra-no,
 []


Underfull \hbox (badness 1259) in paragraph at lines 1659--1659
\T1/cmr/m/n/8 (+20) in cui ri-tor-na lo stra-nia-men-to
 []

[60] [61] [62] [63] [64] [65] [66]
Underfull \vbox (badness 2617) has occurred while \output is active []

 [67]
[68] [69] [70] [71] [72]
Underfull \hbox (badness 1226) in paragraph at lines 1872--1872
[]\T1/cmr/bx/n/8 2[]\T1/cmr/m/n/8 (+20) . Ab-bia-mo l'e-sor-dio del ro-
 []

[73]
Underfull \vbox (badness 2726) has occurred while \output is active []

 [74]
[75] [76] [77] [78] [79]
Underfull \hbox (badness 3108) in paragraph at lines 1987--1987
[]\T1/cmr/bx/n/8 11[]\T1/cmr/m/n/8 (+20) . co-di-ce com-por-ta-men-ta-le
 []


Underfull \hbox (badness 4144) in paragraph at lines 1987--1987
\T1/cmr/m/n/8 (+20) mo-ral-men-te giu-sto di Pa-dron
 []

[80] [81] [82] [83] [84] [85]
Underfull \hbox (badness 1546) in paragraph at lines 2131--2131
[]\T1/cmr/bx/n/8 1[]\T1/cmr/m/n/8 (+20) . in-si-gni-fi-can-za di Maz-za-rò,
 []

[86] [87] [88] [89] [90] [91] [92] [93] [94] [95] [96] [97] [98] [99] [100]
[101] [102] [103] [104

] [105] [106] [107] [108] [109] [110] [111] [112

]
[113] [114] [115] [116] [117]
Underfull \vbox (badness 2538) has occurred while \output is active []

 [118]

! LaTeX Error: File `parte1' not found.

See the LaTeX manual or LaTeX Companion for explanation.
Type  H <return>  for immediate help.
 ...                                              
                                                  
l.3015 \includegraphics[width=12cm]{parte1}
                                           
I could not locate the file with any of these extensions:
.pdf,.png,.jpg,.mps,.jpeg,.jbig2,.jb2,.PDF,.PNG,.JPG,.JPEG,.JBIG2,.JB2,.eps
Try typing  <return>  to proceed.
If that doesn't work, type  X <return>  to quit.


! LaTeX Error: File `parte2' not found.

See the LaTeX manual or LaTeX Companion for explanation.
Type  H <return>  for immediate help.
 ...                                              
                                                  
l.3017 \includegraphics[width=12cm]{parte2}
                                           
I could not locate the file with any of these extensions:
.pdf,.png,.jpg,.mps,.jpeg,.jbig2,.jb2,.PDF,.PNG,.JPG,.JPEG,.JBIG2,.JB2,.eps
Try typing  <return>  to proceed.
If that doesn't work, type  X <return>  to quit.


! LaTeX Error: File `parte3' not found.

See the LaTeX manual or LaTeX Companion for explanation.
Type  H <return>  for immediate help.
 ...                                              
                                                  
l.3019 \includegraphics[width=12cm]{parte3}
                                           
I could not locate the file with any of these extensions:
.pdf,.png,.jpg,.mps,.jpeg,.jbig2,.jb2,.PDF,.PNG,.JPG,.JPEG,.JBIG2,.JB2,.eps
Try typing  <return>  to proceed.
If that doesn't work, type  X <return>  to quit.


! LaTeX Error: File `parte4' not found.

See the LaTeX manual or LaTeX Companion for explanation.
Type  H <return>  for immediate help.
 ...                                              
                                                  
l.3021 \includegraphics[width=12cm]{parte4}
                                           
I could not locate the file with any of these extensions:
.pdf,.png,.jpg,.mps,.jpeg,.jbig2,.jb2,.PDF,.PNG,.JPG,.JPEG,.JBIG2,.JB2,.eps
Try typing  <return>  to proceed.
If that doesn't work, type  X <return>  to quit.

[119] [120] [121]
Underfull \hbox (badness 1400) in paragraph at lines 3190--3190
[]\T1/cmr/bx/n/8 4[]\T1/cmr/m/n/8 (+20) . al-tro ag-get-ti-vo che pia-ce,
 []

[122]

LaTeX Warning: Marginpar on page 123 moved.

[123] [124] [125]

LaTeX Warning: Marginpar on page 126 moved.


LaTeX Warning: Marginpar on page 126 moved.


LaTeX Warning: Marginpar on page 126 moved.

[126]
Underfull \hbox (badness 1112) in paragraph at lines 3338--3338
[]\T1/cmr/bx/n/8 7[]\T1/cmr/m/n/8 (+20) . è no-vel-la per la fun-zio-ne
 []


LaTeX Warning: Marginpar on page 127 moved.


LaTeX Warning: Marginpar on page 127 moved.


LaTeX Warning: Marginpar on page 127 moved.


LaTeX Warning: Marginpar on page 127 moved.


LaTeX Warning: Marginpar on page 127 moved.


Underfull \vbox (badness 10000) has occurred while \output is active []

 [127]
Underfull \hbox (badness 2080) in paragraph at lines 3376--3376
[]\T1/cmr/bx/n/8 19[]\T1/cmr/m/n/8 (+20) . stan-no in al-to, e so-no
 []


Underfull \hbox (badness 2503) in paragraph at lines 3389--3389
[]\T1/cmr/bx/n/8 22[]\T1/cmr/m/n/8 (+20) . tut-ti ag-get-ti-vi che fan-
 []

[128] [129] [130]
Package atveryend Info: Empty hook `BeforeClearDocument' on input line 3466.
 [131]
Package atveryend Info: Empty hook `AfterLastShipout' on input line 3466.
 (./riepilogo.aux)
Package atveryend Info: Executing hook `AtVeryEndDocument' on input line 3466.
Package atveryend Info: Executing hook `AtEndAfterFileList' on input line 3466.

Package rerunfilecheck Info: File `riepilogo.out' has not changed.
(rerunfilecheck)             Checksum: 17C035EF74CA77746E97778BDA2B5DF5;5189.


LaTeX Warning: There were multiply-defined labels.

 ) 
Here is how much of TeX's memory you used:
 9799 strings out of 492616
 142543 string characters out of 6129481
 296882 words of memory out of 5000000
 12702 multiletter control sequences out of 15000+600000
 29604 words of font info for 159 fonts, out of 8000000 for 9000
 1141 hyphenation exceptions out of 8191
 45i,12n,46p,4806b,515s stack positions out of 5000i,500n,10000p,200000b,80000s
{/usr/local/texlive/2019/texmf-dist/fonts/enc/dvips/cm-super/cm-super-t1.enc}
</usr/local/texlive/2019/texmf-dist/fonts/type1/public/amsfonts/cm/cmsy10.pfb><
/usr/local/texlive/2019/texmf-dist/fonts/type1/public/cm-super/sfbi1000.pfb></u
sr/local/texlive/2019/texmf-dist/fonts/type1/public/cm-super/sfbx0800.pfb></usr
/local/texlive/2019/texmf-dist/fonts/type1/public/cm-super/sfbx1000.pfb></usr/l
ocal/texlive/2019/texmf-dist/fonts/type1/public/cm-super/sfbx1200.pfb></usr/loc
al/texlive/2019/texmf-dist/fonts/type1/public/cm-super/sfbx1440.pfb></usr/local
/texlive/2019/texmf-dist/fonts/type1/public/cm-super/sfbx2488.pfb></usr/local/t
exlive/2019/texmf-dist/fonts/type1/public/cm-super/sfcc0800.pfb></usr/local/tex
live/2019/texmf-dist/fonts/type1/public/cm-super/sfcc1000.pfb></usr/local/texli
ve/2019/texmf-dist/fonts/type1/public/cm-super/sfrm0700.pfb></usr/local/texlive
/2019/texmf-dist/fonts/type1/public/cm-super/sfrm0800.pfb></usr/local/texlive/2
019/texmf-dist/fonts/type1/public/cm-super/sfrm1000.pfb></usr/local/texlive/201
9/texmf-dist/fonts/type1/public/cm-super/sfrm1200.pfb></usr/local/texlive/2019/
texmf-dist/fonts/type1/public/cm-super/sfrm1728.pfb></usr/local/texlive/2019/te
xmf-dist/fonts/type1/public/cm-super/sfti0800.pfb></usr/local/texlive/2019/texm
f-dist/fonts/type1/public/cm-super/sfti1000.pfb></usr/local/texlive/2019/texmf-
dist/fonts/type1/public/cm-super/sfxc1000.pfb></usr/local/texlive/2019/texmf-di
st/fonts/type1/public/cm-super/sfxc1200.pfb></usr/local/texlive/2019/texmf-dist
/fonts/type1/public/cm-super/sfxc1440.pfb>
Output written on riepilogo.pdf (131 pages, 758114 bytes).
PDF statistics:
 1696 PDF objects out of 1728 (max. 8388607)
 1528 compressed objects within 16 object streams
 662 named destinations out of 1000 (max. 500000)
 29273 words of extra memory for PDF output out of 29859 (max. 10000000)

