\BOOKMARK [0][-]{chapter.1}{Le avanguardie e il futurismo}{}% 1
\BOOKMARK [1][-]{section.1.1}{Futurismo}{chapter.1}% 2
\BOOKMARK [2][-]{subsection.1.1.1}{T: Manifesto del futurismo}{section.1.1}% 3
\BOOKMARK [2][-]{subsection.1.1.2}{T: Manifesto tecnico della letteratura futurista}{section.1.1}% 4
\BOOKMARK [2][-]{subsection.1.1.3}{T: Bombardamento}{section.1.1}% 5
\BOOKMARK [0][-]{chapter.2}{Crepuscolarismo}{}% 6
\BOOKMARK [0][-]{chapter.3}{Guido Gozzano}{}% 7
\BOOKMARK [1][-]{section.3.1}{I colloqui}{chapter.3}% 8
\BOOKMARK [2][-]{subsection.3.1.1}{T: La Signorina Felicita, ovvero la felicit\340}{section.3.1}% 9
\BOOKMARK [0][-]{chapter.4}{Umberto Saba}{}% 10
\BOOKMARK [1][-]{section.4.1}{Biografia}{chapter.4}% 11
\BOOKMARK [1][-]{section.4.2}{Il canzoniere}{chapter.4}% 12
\BOOKMARK [2][-]{subsection.4.2.1}{T: Mio padre \350 stato per me "l'assassino"}{section.4.2}% 13
\BOOKMARK [2][-]{subsection.4.2.2}{T: A mia moglie}{section.4.2}% 14
\BOOKMARK [2][-]{subsection.4.2.3}{T: La capra}{section.4.2}% 15
\BOOKMARK [2][-]{subsection.4.2.4}{T: Citt\340 vecchia}{section.4.2}% 16
\BOOKMARK [2][-]{subsection.4.2.5}{T: A mai}{section.4.2}% 17
\BOOKMARK [2][-]{subsection.4.2.6}{T: Tubercolosi, cancro, fascimo}{section.4.2}% 18
\BOOKMARK [0][-]{chapter.5}{Ungaretti}{}% 19
\BOOKMARK [1][-]{section.5.1}{Allegria}{chapter.5}% 20
\BOOKMARK [2][-]{subsection.5.1.1}{T: Porto Sepolto}{section.5.1}% 21
\BOOKMARK [2][-]{subsection.5.1.2}{T: Fratelli}{section.5.1}% 22
\BOOKMARK [2][-]{subsection.5.1.3}{T: Veglia}{section.5.1}% 23
\BOOKMARK [2][-]{subsection.5.1.4}{T: I fiumi}{section.5.1}% 24
\BOOKMARK [2][-]{subsection.5.1.5}{T: San Martino del Carso}{section.5.1}% 25
\BOOKMARK [2][-]{subsection.5.1.6}{T: Mattina}{section.5.1}% 26
\BOOKMARK [2][-]{subsection.5.1.7}{T: Soldati}{section.5.1}% 27
\BOOKMARK [0][-]{chapter.6}{Cesare Pavese}{}% 28
\BOOKMARK [1][-]{section.6.1}{Il mestiere di vivere}{chapter.6}% 29
\BOOKMARK [1][-]{section.6.2}{Casa Editrice Einaudi}{chapter.6}% 30
\BOOKMARK [1][-]{section.6.3}{La casa in collina}{chapter.6}% 31
\BOOKMARK [1][-]{section.6.4}{La poesia}{chapter.6}% 32
\BOOKMARK [2][-]{subsection.6.4.1}{Lavorare stanca: la \253poesia-racconto\273}{section.6.4}% 33
\BOOKMARK [2][-]{subsection.6.4.2}{Antitesi e costanti tematiche}{section.6.4}% 34
\BOOKMARK [2][-]{subsection.6.4.3}{L'ultima fase poetica}{section.6.4}% 35
\BOOKMARK [1][-]{section.6.5}{Mito, poetica e stile}{chapter.6}% 36
\BOOKMARK [2][-]{subsection.6.5.1}{La riflessione sul mito}{section.6.5}% 37
\BOOKMARK [2][-]{subsection.6.5.2}{Il compito della poesia}{section.6.5}% 38
\BOOKMARK [2][-]{subsection.6.5.3}{L'arte come \253mestiere\273}{section.6.5}% 39
\BOOKMARK [2][-]{subsection.6.5.4}{La \253realt\340 simbolica\273}{section.6.5}% 40
\BOOKMARK [1][-]{section.6.6}{La luna e i fal\362}{chapter.6}% 41
\BOOKMARK [2][-]{subsection.6.6.1}{Il significato dell'opera}{section.6.6}% 42
\BOOKMARK [2][-]{subsection.6.6.2}{Il titolo e la realt\340 simbolica}{section.6.6}% 43
\BOOKMARK [0][-]{chapter.7}{Eugenio Montale}{}% 44
\BOOKMARK [1][-]{section.7.1}{Biografia}{chapter.7}% 45
\BOOKMARK [1][-]{section.7.2}{Ossi di seppia}{chapter.7}% 46
\BOOKMARK [2][-]{subsection.7.2.1}{T: Spesso il male di vivere ho incontrato}{section.7.2}% 47
\BOOKMARK [2][-]{subsection.7.2.2}{T: I Limoni}{section.7.2}% 48
\BOOKMARK [2][-]{subsection.7.2.3}{T: Non chiederci la parola}{section.7.2}% 49
\BOOKMARK [2][-]{subsection.7.2.4}{T: Meriggiare pallido e assorto}{section.7.2}% 50
\BOOKMARK [1][-]{section.7.3}{Le Occasioni}{chapter.7}% 51
\BOOKMARK [2][-]{subsection.7.3.1}{T: La casa dei doganieri}{section.7.3}% 52
\BOOKMARK [0][-]{chapter.8}{Primo Levi}{}% 53
\BOOKMARK [1][-]{subsection.8.0.1}{Se questo \350 un uomo e le altre opere}{chapter.8}% 54
\BOOKMARK [2][-]{subsection.8.0.2}{T: Se questo \350 un uomo e sommersi e salvati}{subsection.8.0.1}% 55
