\BOOKMARK [-1][-]{part.1}{I Pascoli}{}% 1
\BOOKMARK [0][-]{chapter.1}{Introduzione e caratteri generali}{part.1}% 2
\BOOKMARK [1][-]{section.1.1}{Biografia}{chapter.1}% 3
\BOOKMARK [1][-]{section.1.2}{T: Biglietto per Ida}{chapter.1}% 4
\BOOKMARK [1][-]{section.1.3}{Temi}{chapter.1}% 5
\BOOKMARK [1][-]{section.1.4}{Pascoli e il positivismo}{chapter.1}% 6
\BOOKMARK [0][-]{chapter.2}{Myricae}{part.1}% 7
\BOOKMARK [1][-]{section.2.1}{T: Arano}{chapter.2}% 8
\BOOKMARK [1][-]{section.2.2}{T: Lavandare}{chapter.2}% 9
\BOOKMARK [1][-]{section.2.3}{T: X agosto}{chapter.2}% 10
\BOOKMARK [1][-]{section.2.4}{T: Assiuolo}{chapter.2}% 11
\BOOKMARK [1][-]{section.2.5}{T: Temporale}{chapter.2}% 12
\BOOKMARK [1][-]{section.2.6}{T: Novembre}{chapter.2}% 13
\BOOKMARK [1][-]{section.2.7}{T: Il lampo}{chapter.2}% 14
\BOOKMARK [0][-]{chapter.3}{I Poemetti}{part.1}% 15
\BOOKMARK [1][-]{section.3.1}{Posizioni politiche}{chapter.3}% 16
\BOOKMARK [1][-]{section.3.2}{T: Digitale purpurea}{chapter.3}% 17
\BOOKMARK [0][-]{chapter.4}{T: Il gelsomino notturno}{part.1}% 18
\BOOKMARK [-1][-]{part.2}{II Svevo}{}% 19
\BOOKMARK [0][-]{chapter.5}{Introduzione e caratteri generali}{part.2}% 20
\BOOKMARK [1][-]{section.5.1}{Biografia}{chapter.5}% 21
\BOOKMARK [1][-]{section.5.2}{Psicoanalisi}{chapter.5}% 22
\BOOKMARK [2][-]{subsection.5.2.1}{Malattia}{section.5.2}% 23
\BOOKMARK [0][-]{chapter.6}{Una vita}{part.2}% 24
\BOOKMARK [1][-]{section.6.1}{T: Le ali del gabbiano}{chapter.6}% 25
\BOOKMARK [0][-]{chapter.7}{Senilit\340}{part.2}% 26
\BOOKMARK [1][-]{section.7.1}{T: Il ritratto dell'inetto}{chapter.7}% 27
\BOOKMARK [0][-]{chapter.8}{Coscienza di Zeno}{part.2}% 28
\BOOKMARK [1][-]{section.8.1}{Giacomo Debenedetti: Una scrittura che morde le cose}{chapter.8}% 29
\BOOKMARK [1][-]{section.8.2}{T: Prefazione}{chapter.8}% 30
\BOOKMARK [1][-]{section.8.3}{T: Il fumo}{chapter.8}% 31
\BOOKMARK [1][-]{section.8.4}{T: La morte del padre}{chapter.8}% 32
\BOOKMARK [1][-]{section.8.5}{T: La profezia di un'apocalisse cosmica}{chapter.8}% 33
\BOOKMARK [-1][-]{part.3}{III Pirandello}{}% 34
\BOOKMARK [0][-]{chapter.9}{Introduzione e caratteri generali}{part.3}% 35
\BOOKMARK [1][-]{section.9.1}{Biografia}{chapter.9}% 36
\BOOKMARK [1][-]{section.9.2}{Psicoanalisi}{chapter.9}% 37
\BOOKMARK [1][-]{section.9.3}{Pirandello e la malattia mentale}{chapter.9}% 38
\BOOKMARK [2][-]{subsection.9.3.1}{L'io come "confederazione di anime"}{section.9.3}% 39
\BOOKMARK [1][-]{section.9.4}{Pensiero}{chapter.9}% 40
\BOOKMARK [1][-]{section.9.5}{Pirandello all'universit\340}{chapter.9}% 41
\BOOKMARK [0][-]{chapter.10}{T: Ci\340ula scopre la luna}{part.3}% 42
\BOOKMARK [0][-]{chapter.11}{Saggio: L'umorismo}{part.3}% 43
\BOOKMARK [1][-]{section.11.1}{T: Un'arte che scompone il reale}{chapter.11}% 44
\BOOKMARK [0][-]{chapter.12}{T: Il treno ha fischiato}{part.3}% 45
\BOOKMARK [0][-]{chapter.13}{Altri romanzi}{part.3}% 46
\BOOKMARK [1][-]{section.13.1}{L'esclusa}{chapter.13}% 47
\BOOKMARK [1][-]{section.13.2}{Il turno}{chapter.13}% 48
\BOOKMARK [1][-]{section.13.3}{I vecchi e i giovani}{chapter.13}% 49
\BOOKMARK [0][-]{chapter.14}{Il fu Mattia Pascal}{part.3}% 50
\BOOKMARK [1][-]{section.14.1}{T: La costruzione della nuova identit\340 e la sua crisi}{chapter.14}% 51
\BOOKMARK [1][-]{section.14.2}{T: Lo strappo nel cielo di carta}{chapter.14}% 52
\BOOKMARK [0][-]{chapter.15}{I quaderni di serafino Gubbio operatore}{part.3}% 53
\BOOKMARK [1][-]{section.15.1}{T: Viva la macchina che ... la vita}{chapter.15}% 54
\BOOKMARK [1][-]{section.15.2}{T: L'automobile e la carrozzella: la modernit\340 e il passato}{chapter.15}% 55
\BOOKMARK [0][-]{chapter.16}{Uno, Nessuno e Centomila}{part.3}% 56
\BOOKMARK [1][-]{section.16.1}{T: \215Nessun nome\216}{chapter.16}% 57
\BOOKMARK [0][-]{chapter.17}{Teatro}{part.3}% 58
\BOOKMARK [1][-]{section.17.1}{Grottesco}{chapter.17}% 59
\BOOKMARK [2][-]{subsection.17.1.1}{Il gioco delle parti}{section.17.1}% 60
\BOOKMARK [2][-]{subsection.17.1.2}{Pensaci Giacomino}{section.17.1}% 61
\BOOKMARK [2][-]{subsection.17.1.3}{Cos\354 \350 se vi pare}{section.17.1}% 62
\BOOKMARK [1][-]{section.17.2}{Metateatro}{chapter.17}% 63
\BOOKMARK [2][-]{subsection.17.2.1}{Enrico IV}{section.17.2}% 64
\BOOKMARK [2][-]{subsection.17.2.2}{Sei personaggi in cerca di autore}{section.17.2}% 65
