This is pdfTeX, Version 3.14159265-2.6-1.40.20 (TeX Live 2019) (preloaded format=pdflatex 2019.8.21)  20 MAY 2021 20:52
entering extended mode
 restricted \write18 enabled.
 %&-line parsing enabled.
**document.tex
(./document.tex
LaTeX2e <2018-12-01>
(/usr/local/texlive/2019/texmf-dist/tex/latex/base/book.cls
Document Class: book 2018/09/03 v1.4i Standard LaTeX document class
(/usr/local/texlive/2019/texmf-dist/tex/latex/base/bk10.clo
File: bk10.clo 2018/09/03 v1.4i Standard LaTeX file (size option)
)
\c@part=\count80
\c@chapter=\count81
\c@section=\count82
\c@subsection=\count83
\c@subsubsection=\count84
\c@paragraph=\count85
\c@subparagraph=\count86
\c@figure=\count87
\c@table=\count88
\abovecaptionskip=\skip41
\belowcaptionskip=\skip42
\bibindent=\dimen102
)
(/usr/local/texlive/2019/texmf-dist/tex/latex/base/fontenc.sty
Package: fontenc 2018/08/11 v2.0j Standard LaTeX package

(/usr/local/texlive/2019/texmf-dist/tex/latex/base/t1enc.def
File: t1enc.def 2018/08/11 v2.0j Standard LaTeX file
LaTeX Font Info:    Redeclaring font encoding T1 on input line 48.
))
(/usr/local/texlive/2019/texmf-dist/tex/latex/base/inputenc.sty
Package: inputenc 2018/08/11 v1.3c Input encoding file
\inpenc@prehook=\toks14
\inpenc@posthook=\toks15
)
(/usr/local/texlive/2019/texmf-dist/tex/generic/babel/babel.sty
Package: babel 2019/05/04 3.31 The Babel package

(/usr/local/texlive/2019/texmf-dist/tex/generic/babel/switch.def
File: switch.def 2019/05/04 3.31 Babel switching mechanism
)
(/usr/local/texlive/2019/texmf-dist/tex/generic/babel-italian/italian.ldf
Language: italian 2019/01/05 v.1.4.01 Italian support for the babel system

(/usr/local/texlive/2019/texmf-dist/tex/generic/babel/babel.def
File: babel.def 2019/05/04 3.31 Babel common definitions
\babel@savecnt=\count89
\U@D=\dimen103

(/usr/local/texlive/2019/texmf-dist/tex/generic/babel/txtbabel.def)
\bbl@dirlevel=\count90
)
\it@lettering=\count91
\it@doublequoteactive=\count92
\it@ISOcompliance=\count93
))
(/usr/local/texlive/2019/texmf-dist/tex/latex/etoolbox/etoolbox.sty
Package: etoolbox 2018/08/19 v2.5f e-TeX tools for LaTeX (JAW)
\etb@tempcnta=\count94
)
(/usr/local/texlive/2019/texmf-dist/tex/latex/microtype/microtype.sty
Package: microtype 2019/02/28 v2.7b Micro-typographical refinements (RS)

(/usr/local/texlive/2019/texmf-dist/tex/latex/graphics/keyval.sty
Package: keyval 2014/10/28 v1.15 key=value parser (DPC)
\KV@toks@=\toks16
)
\MT@toks=\toks17
\MT@count=\count95
LaTeX Info: Redefining \textls on input line 790.
\MT@outer@kern=\dimen104
LaTeX Info: Redefining \textmicrotypecontext on input line 1336.
\MT@listname@count=\count96

(/usr/local/texlive/2019/texmf-dist/tex/latex/microtype/microtype-pdftex.def
File: microtype-pdftex.def 2019/02/28 v2.7b Definitions specific to pdftex (RS)

LaTeX Info: Redefining \lsstyle on input line 914.
LaTeX Info: Redefining \lslig on input line 914.
\MT@outer@space=\skip43
)
Package microtype Info: Loading configuration file microtype.cfg.

(/usr/local/texlive/2019/texmf-dist/tex/latex/microtype/microtype.cfg
File: microtype.cfg 2019/02/28 v2.7b microtype main configuration file (RS)
))
(/usr/local/texlive/2019/texmf-dist/tex/latex/xcolor/xcolor.sty
Package: xcolor 2016/05/11 v2.12 LaTeX color extensions (UK)

(/usr/local/texlive/2019/texmf-dist/tex/latex/graphics-cfg/color.cfg
File: color.cfg 2016/01/02 v1.6 sample color configuration
)
Package xcolor Info: Driver file: pdftex.def on input line 225.

(/usr/local/texlive/2019/texmf-dist/tex/latex/graphics-def/pdftex.def
File: pdftex.def 2018/01/08 v1.0l Graphics/color driver for pdftex
)
Package xcolor Info: Model `cmy' substituted by `cmy0' on input line 1348.
Package xcolor Info: Model `hsb' substituted by `rgb' on input line 1352.
Package xcolor Info: Model `RGB' extended on input line 1364.
Package xcolor Info: Model `HTML' substituted by `rgb' on input line 1366.
Package xcolor Info: Model `Hsb' substituted by `hsb' on input line 1367.
Package xcolor Info: Model `tHsb' substituted by `hsb' on input line 1368.
Package xcolor Info: Model `HSB' substituted by `hsb' on input line 1369.
Package xcolor Info: Model `Gray' substituted by `gray' on input line 1370.
Package xcolor Info: Model `wave' substituted by `hsb' on input line 1371.
)
(/usr/local/texlive/2019/texmf-dist/tex/latex/titlesec/titlesec.sty
Package: titlesec 2016/03/21 v2.10.2 Sectioning titles
\ttl@box=\box27
\beforetitleunit=\skip44
\aftertitleunit=\skip45
\ttl@plus=\dimen105
\ttl@minus=\dimen106
\ttl@toksa=\toks18
\titlewidth=\dimen107
\titlewidthlast=\dimen108
\titlewidthfirst=\dimen109
)
(/usr/local/texlive/2019/texmf-dist/tex/latex/xargs/xargs.sty
Package: xargs 2008/03/22 v1.1  extended macro definitions  (mpg)

(/usr/local/texlive/2019/texmf-dist/tex/latex/xkeyval/xkeyval.sty
Package: xkeyval 2014/12/03 v2.7a package option processing (HA)

(/usr/local/texlive/2019/texmf-dist/tex/generic/xkeyval/xkeyval.tex
(/usr/local/texlive/2019/texmf-dist/tex/generic/xkeyval/xkvutils.tex
\XKV@toks=\toks19
\XKV@tempa@toks=\toks20
)
\XKV@depth=\count97
File: xkeyval.tex 2014/12/03 v2.7a key=value parser (HA)
))
\xargs@max=\count98
\xargs@toksa=\toks21
\xargs@toksb=\toks22
)
(/usr/local/texlive/2019/texmf-dist/tex/latex/tools/multicol.sty
Package: multicol 2018/12/27 v1.8v multicolumn formatting (FMi)
\c@tracingmulticols=\count99
\mult@box=\box28
\multicol@leftmargin=\dimen110
\c@unbalance=\count100
\c@collectmore=\count101
\doublecol@number=\count102
\multicoltolerance=\count103
\multicolpretolerance=\count104
\full@width=\dimen111
\page@free=\dimen112
\premulticols=\dimen113
\postmulticols=\dimen114
\multicolsep=\skip46
\multicolbaselineskip=\skip47
\partial@page=\box29
\last@line=\box30
\maxbalancingoverflow=\dimen115
\mult@rightbox=\box31
\mult@grightbox=\box32
\mult@gfirstbox=\box33
\mult@firstbox=\box34
\@tempa=\box35
\@tempa=\box36
\@tempa=\box37
\@tempa=\box38
\@tempa=\box39
\@tempa=\box40
\@tempa=\box41
\@tempa=\box42
\@tempa=\box43
\@tempa=\box44
\@tempa=\box45
\@tempa=\box46
\@tempa=\box47
\@tempa=\box48
\@tempa=\box49
\@tempa=\box50
\@tempa=\box51
\c@columnbadness=\count105
\c@finalcolumnbadness=\count106
\last@try=\dimen116
\multicolovershoot=\dimen117
\multicolundershoot=\dimen118
\mult@nat@firstbox=\box52
\colbreak@box=\box53
\mc@col@check@num=\count107
)
(/usr/local/texlive/2019/texmf-dist/tex/latex/amsmath/amsmath.sty
Package: amsmath 2018/12/01 v2.17b AMS math features
\@mathmargin=\skip48

For additional information on amsmath, use the `?' option.
(/usr/local/texlive/2019/texmf-dist/tex/latex/amsmath/amstext.sty
Package: amstext 2000/06/29 v2.01 AMS text

(/usr/local/texlive/2019/texmf-dist/tex/latex/amsmath/amsgen.sty
File: amsgen.sty 1999/11/30 v2.0 generic functions
\@emptytoks=\toks23
\ex@=\dimen119
))
(/usr/local/texlive/2019/texmf-dist/tex/latex/amsmath/amsbsy.sty
Package: amsbsy 1999/11/29 v1.2d Bold Symbols
\pmbraise@=\dimen120
)
(/usr/local/texlive/2019/texmf-dist/tex/latex/amsmath/amsopn.sty
Package: amsopn 2016/03/08 v2.02 operator names
)
\inf@bad=\count108
LaTeX Info: Redefining \frac on input line 223.
\uproot@=\count109
\leftroot@=\count110
LaTeX Info: Redefining \overline on input line 385.
\classnum@=\count111
\DOTSCASE@=\count112
LaTeX Info: Redefining \ldots on input line 482.
LaTeX Info: Redefining \dots on input line 485.
LaTeX Info: Redefining \cdots on input line 606.
\Mathstrutbox@=\box54
\strutbox@=\box55
\big@size=\dimen121
LaTeX Font Info:    Redeclaring font encoding OML on input line 729.
LaTeX Font Info:    Redeclaring font encoding OMS on input line 730.
\macc@depth=\count113
\c@MaxMatrixCols=\count114
\dotsspace@=\muskip10
\c@parentequation=\count115
\dspbrk@lvl=\count116
\tag@help=\toks24
\row@=\count117
\column@=\count118
\maxfields@=\count119
\andhelp@=\toks25
\eqnshift@=\dimen122
\alignsep@=\dimen123
\tagshift@=\dimen124
\tagwidth@=\dimen125
\totwidth@=\dimen126
\lineht@=\dimen127
\@envbody=\toks26
\multlinegap=\skip49
\multlinetaggap=\skip50
\mathdisplay@stack=\toks27
LaTeX Info: Redefining \[ on input line 2844.
LaTeX Info: Redefining \] on input line 2845.
)
(/usr/local/texlive/2019/texmf-dist/tex/latex/amsfonts/amssymb.sty
Package: amssymb 2013/01/14 v3.01 AMS font symbols

(/usr/local/texlive/2019/texmf-dist/tex/latex/amsfonts/amsfonts.sty
Package: amsfonts 2013/01/14 v3.01 Basic AMSFonts support
\symAMSa=\mathgroup4
\symAMSb=\mathgroup5
LaTeX Font Info:    Overwriting math alphabet `\mathfrak' in version `bold'
(Font)                  U/euf/m/n --> U/euf/b/n on input line 106.
))
(/usr/local/texlive/2019/texmf-dist/tex/latex/quoting/quoting.sty
Package: quoting 2014/01/28 v0.1c Consolidated environment for displayed text

(/usr/local/texlive/2019/texmf-dist/tex/latex/oberdiek/kvoptions.sty
Package: kvoptions 2016/05/16 v3.12 Key value format for package options (HO)

(/usr/local/texlive/2019/texmf-dist/tex/generic/oberdiek/ltxcmds.sty
Package: ltxcmds 2016/05/16 v1.23 LaTeX kernel commands for general use (HO)
)
(/usr/local/texlive/2019/texmf-dist/tex/generic/oberdiek/kvsetkeys.sty
Package: kvsetkeys 2016/05/16 v1.17 Key value parser (HO)

(/usr/local/texlive/2019/texmf-dist/tex/generic/oberdiek/infwarerr.sty
Package: infwarerr 2016/05/16 v1.4 Providing info/warning/error messages (HO)
)
(/usr/local/texlive/2019/texmf-dist/tex/generic/oberdiek/etexcmds.sty
Package: etexcmds 2016/05/16 v1.6 Avoid name clashes with e-TeX commands (HO)

(/usr/local/texlive/2019/texmf-dist/tex/generic/oberdiek/ifluatex.sty
Package: ifluatex 2016/05/16 v1.4 Provides the ifluatex switch (HO)
Package ifluatex Info: LuaTeX not detected.
))))
\quo@toppartop=\skip51
)
(/usr/local/texlive/2019/texmf-dist/tex/latex/pdfpages/pdfpages.sty
Package: pdfpages 2017/10/31 v0.5l Insert pages of external PDF documents (AM)

(/usr/local/texlive/2019/texmf-dist/tex/latex/base/ifthen.sty
Package: ifthen 2014/09/29 v1.1c Standard LaTeX ifthen package (DPC)
)
(/usr/local/texlive/2019/texmf-dist/tex/latex/tools/calc.sty
Package: calc 2017/05/25 v4.3 Infix arithmetic (KKT,FJ)
\calc@Acount=\count120
\calc@Bcount=\count121
\calc@Adimen=\dimen128
\calc@Bdimen=\dimen129
\calc@Askip=\skip52
\calc@Bskip=\skip53
LaTeX Info: Redefining \setlength on input line 80.
LaTeX Info: Redefining \addtolength on input line 81.
\calc@Ccount=\count122
\calc@Cskip=\skip54
)
(/usr/local/texlive/2019/texmf-dist/tex/latex/eso-pic/eso-pic.sty
Package: eso-pic 2018/04/12 v2.0h eso-pic (RN)

(/usr/local/texlive/2019/texmf-dist/tex/generic/oberdiek/atbegshi.sty
Package: atbegshi 2016/06/09 v1.18 At begin shipout hook (HO)

(/usr/local/texlive/2019/texmf-dist/tex/generic/oberdiek/ifpdf.sty
Package: ifpdf 2018/09/07 v3.3 Provides the ifpdf switch
)))
(/usr/local/texlive/2019/texmf-dist/tex/latex/graphics/graphicx.sty
Package: graphicx 2017/06/01 v1.1a Enhanced LaTeX Graphics (DPC,SPQR)

(/usr/local/texlive/2019/texmf-dist/tex/latex/graphics/graphics.sty
Package: graphics 2017/06/25 v1.2c Standard LaTeX Graphics (DPC,SPQR)

(/usr/local/texlive/2019/texmf-dist/tex/latex/graphics/trig.sty
Package: trig 2016/01/03 v1.10 sin cos tan (DPC)
)
(/usr/local/texlive/2019/texmf-dist/tex/latex/graphics-cfg/graphics.cfg
File: graphics.cfg 2016/06/04 v1.11 sample graphics configuration
)
Package graphics Info: Driver file: pdftex.def on input line 99.
)
\Gin@req@height=\dimen130
\Gin@req@width=\dimen131
)
\AM@pagewidth=\dimen132
\AM@pageheight=\dimen133

(/usr/local/texlive/2019/texmf-dist/tex/latex/pdfpages/pppdftex.def
File: pppdftex.def 2017/10/31 v0.5l Pdfpages driver for pdfTeX (AM)
)
\AM@pagebox=\box56
\AM@global@opts=\toks28
\AM@toc@title=\toks29
\c@AM@survey=\count123
\AM@templatesizebox=\box57
)
(/usr/local/texlive/2019/texmf-dist/tex/latex/verse/verse.sty
Package: verse 2009/09/04 v2.4a verse typesetting
\c@vslineno=\count124
\c@poemline=\count125
\c@fvsline=\count126
\c@modulo@vs=\count127
\c@verse@envctr=\count128
\versewidth=\skip55
\vgap=\skip56
\vindent=\skip57
\stanzaskip=\skip58
\vleftskip=\skip59
\vrightskip=\skip60
\c@chrsinstr=\count129
\beforepoemtitleskip=\skip61
\afterpoemtitleskip=\skip62
)
(/usr/local/texlive/2019/texmf-dist/tex/generic/ulem/ulem.sty
\UL@box=\box58
\UL@hyphenbox=\box59
\UL@skip=\skip63
\UL@hook=\toks30
\UL@height=\dimen134
\UL@pe=\count130
\UL@pixel=\dimen135
\ULC@box=\box60
Package: ulem 2012/05/18
\ULdepth=\dimen136
)
(/usr/local/texlive/2019/texmf-dist/tex/latex/framed/framed.sty
Package: framed 2011/10/22 v 0.96: framed or shaded text with page breaks
\OuterFrameSep=\skip64
\fb@frw=\dimen137
\fb@frh=\dimen138
\FrameRule=\dimen139
\FrameSep=\dimen140
)
   defining Unicode char U+200B (decimal 8203)
\c@mar=\count131

(/usr/local/texlive/2019/texmf-dist/tex/latex/fancyhdr/fancyhdr.sty
Package: fancyhdr 2019/01/31 v3.10 Extensive control of page headers and footer
s
\f@nch@headwidth=\skip65
\f@nch@O@elh=\skip66
\f@nch@O@erh=\skip67
\f@nch@O@olh=\skip68
\f@nch@O@orh=\skip69
\f@nch@O@elf=\skip70
\f@nch@O@erf=\skip71
\f@nch@O@olf=\skip72
\f@nch@O@orf=\skip73
)
(/usr/local/texlive/2019/texmf-dist/tex/latex/hyperref/hyperref.sty
Package: hyperref 2018/11/30 v6.88e Hypertext links for LaTeX

(/usr/local/texlive/2019/texmf-dist/tex/generic/oberdiek/hobsub-hyperref.sty
Package: hobsub-hyperref 2016/05/16 v1.14 Bundle oberdiek, subset hyperref (HO)


(/usr/local/texlive/2019/texmf-dist/tex/generic/oberdiek/hobsub-generic.sty
Package: hobsub-generic 2016/05/16 v1.14 Bundle oberdiek, subset generic (HO)
Package: hobsub 2016/05/16 v1.14 Construct package bundles (HO)
Package hobsub Info: Skipping package `infwarerr' (already loaded).
Package hobsub Info: Skipping package `ltxcmds' (already loaded).
Package hobsub Info: Skipping package `ifluatex' (already loaded).
Package: ifvtex 2016/05/16 v1.6 Detect VTeX and its facilities (HO)
Package ifvtex Info: VTeX not detected.
Package: intcalc 2016/05/16 v1.2 Expandable calculations with integers (HO)
Package hobsub Info: Skipping package `ifpdf' (already loaded).
Package hobsub Info: Skipping package `etexcmds' (already loaded).
Package hobsub Info: Skipping package `kvsetkeys' (already loaded).
Package: kvdefinekeys 2016/05/16 v1.4 Define keys (HO)
Package: pdftexcmds 2018/09/10 v0.29 Utility functions of pdfTeX for LuaTeX (HO
)
Package pdftexcmds Info: LuaTeX not detected.
Package pdftexcmds Info: \pdf@primitive is available.
Package pdftexcmds Info: \pdf@ifprimitive is available.
Package pdftexcmds Info: \pdfdraftmode found.
Package: pdfescape 2016/05/16 v1.14 Implements pdfTeX's escape features (HO)
Package: bigintcalc 2016/05/16 v1.4 Expandable calculations on big integers (HO
)
Package: bitset 2016/05/16 v1.2 Handle bit-vector datatype (HO)
Package: uniquecounter 2016/05/16 v1.3 Provide unlimited unique counter (HO)
)
Package hobsub Info: Skipping package `hobsub' (already loaded).
Package: letltxmacro 2016/05/16 v1.5 Let assignment for LaTeX macros (HO)
Package: hopatch 2016/05/16 v1.3 Wrapper for package hooks (HO)
Package: xcolor-patch 2016/05/16 xcolor patch
Package: atveryend 2016/05/16 v1.9 Hooks at the very end of document (HO)
Package hobsub Info: Skipping package `atbegshi' (already loaded).
Package: refcount 2016/05/16 v3.5 Data extraction from label references (HO)
Package: hycolor 2016/05/16 v1.8 Color options for hyperref/bookmark (HO)
)
(/usr/local/texlive/2019/texmf-dist/tex/generic/ifxetex/ifxetex.sty
Package: ifxetex 2010/09/12 v0.6 Provides ifxetex conditional
)
(/usr/local/texlive/2019/texmf-dist/tex/latex/oberdiek/auxhook.sty
Package: auxhook 2016/05/16 v1.4 Hooks for auxiliary files (HO)
)
\@linkdim=\dimen141
\Hy@linkcounter=\count132
\Hy@pagecounter=\count133

(/usr/local/texlive/2019/texmf-dist/tex/latex/hyperref/pd1enc.def
File: pd1enc.def 2018/11/30 v6.88e Hyperref: PDFDocEncoding definition (HO)
Now handling font encoding PD1 ...
... no UTF-8 mapping file for font encoding PD1
)
\Hy@SavedSpaceFactor=\count134

(/usr/local/texlive/2019/texmf-dist/tex/latex/latexconfig/hyperref.cfg
File: hyperref.cfg 2002/06/06 v1.2 hyperref configuration of TeXLive
)
Package hyperref Info: Option `colorlinks' set `true' on input line 4393.
Package hyperref Info: Hyper figures OFF on input line 4519.
Package hyperref Info: Link nesting OFF on input line 4524.
Package hyperref Info: Hyper index ON on input line 4527.
Package hyperref Info: Plain pages OFF on input line 4534.
Package hyperref Info: Backreferencing OFF on input line 4539.
Package hyperref Info: Implicit mode ON; LaTeX internals redefined.
Package hyperref Info: Bookmarks ON on input line 4772.
\c@Hy@tempcnt=\count135

(/usr/local/texlive/2019/texmf-dist/tex/latex/url/url.sty
\Urlmuskip=\muskip11
Package: url 2013/09/16  ver 3.4  Verb mode for urls, etc.
)
LaTeX Info: Redefining \url on input line 5125.
\XeTeXLinkMargin=\dimen142
\Fld@menulength=\count136
\Field@Width=\dimen143
\Fld@charsize=\dimen144
Package hyperref Info: Hyper figures OFF on input line 6380.
Package hyperref Info: Link nesting OFF on input line 6385.
Package hyperref Info: Hyper index ON on input line 6388.
Package hyperref Info: backreferencing OFF on input line 6395.
Package hyperref Info: Link coloring ON on input line 6398.
Package hyperref Info: Link coloring with OCG OFF on input line 6405.
Package hyperref Info: PDF/A mode OFF on input line 6410.
LaTeX Info: Redefining \ref on input line 6450.
LaTeX Info: Redefining \pageref on input line 6454.
\Hy@abspage=\count137
\c@Item=\count138
\c@Hfootnote=\count139
)
Package hyperref Info: Driver: hpdftex.

(/usr/local/texlive/2019/texmf-dist/tex/latex/hyperref/hpdftex.def
File: hpdftex.def 2018/11/30 v6.88e Hyperref driver for pdfTeX
\Fld@listcount=\count140
\c@bookmark@seq@number=\count141

(/usr/local/texlive/2019/texmf-dist/tex/latex/oberdiek/rerunfilecheck.sty
Package: rerunfilecheck 2016/05/16 v1.8 Rerun checks for auxiliary files (HO)
Package uniquecounter Info: New unique counter `rerunfilecheck' on input line 2
82.
)
\Hy@SectionHShift=\skip74
)
Package hyperref Info: Option `colorlinks' set `true' on input line 98.

(./document.aux

LaTeX Warning: Label `2.1' multiply defined.


LaTeX Warning: Label `2.2' multiply defined.


LaTeX Warning: Label `2.3' multiply defined.


LaTeX Warning: Label `2.4' multiply defined.


LaTeX Warning: Label `2.5' multiply defined.


LaTeX Warning: Label `2.6' multiply defined.


LaTeX Warning: Label `2.7' multiply defined.


LaTeX Warning: Label `2.8' multiply defined.


LaTeX Warning: Label `2.1' multiply defined.


LaTeX Warning: Label `2.2' multiply defined.


LaTeX Warning: Label `2.3' multiply defined.


LaTeX Warning: Label `2.4' multiply defined.


LaTeX Warning: Label `2.5' multiply defined.


LaTeX Warning: Label `2.6' multiply defined.


LaTeX Warning: Label `2.7' multiply defined.


LaTeX Warning: Label `2.8' multiply defined.


LaTeX Warning: Label `2.9' multiply defined.


LaTeX Warning: Label `2.10' multiply defined.


LaTeX Warning: Label `2.11' multiply defined.


LaTeX Warning: Label `2.12' multiply defined.


LaTeX Warning: Label `2.13' multiply defined.


LaTeX Warning: Label `2.14' multiply defined.


LaTeX Warning: Label `2.1' multiply defined.


LaTeX Warning: Label `2.2' multiply defined.


LaTeX Warning: Label `2.1' multiply defined.


LaTeX Warning: Label `2.2' multiply defined.


LaTeX Warning: Label `2.3' multiply defined.


LaTeX Warning: Label `2.4' multiply defined.


LaTeX Warning: Label `2.5' multiply defined.


LaTeX Warning: Label `2.6' multiply defined.


LaTeX Warning: Label `2.7' multiply defined.


LaTeX Warning: Label `2.8' multiply defined.


LaTeX Warning: Label `2.1' multiply defined.


LaTeX Warning: Label `2.2' multiply defined.


LaTeX Warning: Label `2.3' multiply defined.


LaTeX Warning: Label `2.4' multiply defined.


LaTeX Warning: Label `2.5' multiply defined.

)
\openout1 = `document.aux'.

LaTeX Font Info:    Checking defaults for OML/cmm/m/it on input line 100.
LaTeX Font Info:    ... okay on input line 100.
LaTeX Font Info:    Checking defaults for T1/cmr/m/n on input line 100.
LaTeX Font Info:    ... okay on input line 100.
LaTeX Font Info:    Checking defaults for OT1/cmr/m/n on input line 100.
LaTeX Font Info:    ... okay on input line 100.
LaTeX Font Info:    Checking defaults for OMS/cmsy/m/n on input line 100.
LaTeX Font Info:    ... okay on input line 100.
LaTeX Font Info:    Checking defaults for OMX/cmex/m/n on input line 100.
LaTeX Font Info:    ... okay on input line 100.
LaTeX Font Info:    Checking defaults for U/cmr/m/n on input line 100.
LaTeX Font Info:    ... okay on input line 100.
LaTeX Font Info:    Checking defaults for PD1/pdf/m/n on input line 100.
LaTeX Font Info:    ... okay on input line 100.
LaTeX Info: Redefining \it@ocap on input line 100.
LaTeX Info: Redefining \it@ccap on input line 100.
LaTeX Info: Redefining \microtypecontext on input line 100.
Package microtype Info: Generating PDF output.
Package microtype Info: Character protrusion enabled (level 2).
Package microtype Info: Using default protrusion set `alltext'.
Package microtype Info: Automatic font expansion enabled (level 2),
(microtype)             stretch: 20, shrink: 20, step: 1, non-selected.
Package microtype Info: Using default expansion set `basictext'.
Package microtype Info: No adjustment of tracking.
Package microtype Info: No adjustment of interword spacing.
Package microtype Info: No adjustment of character kerning.
 (/usr/local/texlive/2019/texmf-dist/tex/latex/microtype/mt-cmr.cfg
File: mt-cmr.cfg 2013/05/19 v2.2 microtype config. file: Computer Modern Roman 
(RS)
)
(/usr/local/texlive/2019/texmf-dist/tex/context/base/mkii/supp-pdf.mkii
[Loading MPS to PDF converter (version 2006.09.02).]
\scratchcounter=\count142
\scratchdimen=\dimen145
\scratchbox=\box61
\nofMPsegments=\count143
\nofMParguments=\count144
\everyMPshowfont=\toks31
\MPscratchCnt=\count145
\MPscratchDim=\dimen146
\MPnumerator=\count146
\makeMPintoPDFobject=\count147
\everyMPtoPDFconversion=\toks32
) (/usr/local/texlive/2019/texmf-dist/tex/latex/oberdiek/epstopdf-base.sty
Package: epstopdf-base 2016/05/15 v2.6 Base part for package epstopdf

(/usr/local/texlive/2019/texmf-dist/tex/latex/oberdiek/grfext.sty
Package: grfext 2016/05/16 v1.2 Manage graphics extensions (HO)
)
Package epstopdf-base Info: Redefining graphics rule for `.eps' on input line 4
38.
Package grfext Info: Graphics extension search list:
(grfext)             [.pdf,.png,.jpg,.mps,.jpeg,.jbig2,.jb2,.PDF,.PNG,.JPG,.JPE
G,.JBIG2,.JB2,.eps]
(grfext)             \AppendGraphicsExtensions on input line 456.

(/usr/local/texlive/2019/texmf-dist/tex/latex/latexconfig/epstopdf-sys.cfg
File: epstopdf-sys.cfg 2010/07/13 v1.3 Configuration of (r)epstopdf for TeX Liv
e
))
\AtBeginShipoutBox=\box62

(/usr/local/texlive/2019/texmf-dist/tex/latex/oberdiek/pdflscape.sty
Package: pdflscape 2016/05/14 v0.11 Display of landscape pages in PDF (HO)

(/usr/local/texlive/2019/texmf-dist/tex/latex/graphics/lscape.sty
Package: lscape 2000/10/22 v3.01 Landscape Pages (DPC)
)
Package pdflscape Info: Auto-detected driver: pdftex on input line 81.
)
Package hyperref Info: Link coloring ON on input line 100.

(/usr/local/texlive/2019/texmf-dist/tex/latex/hyperref/nameref.sty
Package: nameref 2016/05/21 v2.44 Cross-referencing by name of section

(/usr/local/texlive/2019/texmf-dist/tex/generic/oberdiek/gettitlestring.sty
Package: gettitlestring 2016/05/16 v1.5 Cleanup title references (HO)
)
\c@section@level=\count148
)
LaTeX Info: Redefining \ref on input line 100.
LaTeX Info: Redefining \pageref on input line 100.
LaTeX Info: Redefining \nameref on input line 100.

(./document.out) (./document.out)
\@outlinefile=\write3
\openout3 = `document.out'.

LaTeX Font Info:    Try loading font information for U+msa on input line 112.

(/usr/local/texlive/2019/texmf-dist/tex/latex/amsfonts/umsa.fd
File: umsa.fd 2013/01/14 v3.01 AMS symbols A
)
(/usr/local/texlive/2019/texmf-dist/tex/latex/microtype/mt-msa.cfg
File: mt-msa.cfg 2006/02/04 v1.1 microtype config. file: AMS symbols (a) (RS)
)
LaTeX Font Info:    Try loading font information for U+msb on input line 112.

(/usr/local/texlive/2019/texmf-dist/tex/latex/amsfonts/umsb.fd
File: umsb.fd 2013/01/14 v3.01 AMS symbols B
)
(/usr/local/texlive/2019/texmf-dist/tex/latex/microtype/mt-msb.cfg
File: mt-msb.cfg 2005/06/01 v1.0 microtype config. file: AMS symbols (b) (RS)
) [1


{/usr/local/texlive/2019/texmf-var/fonts/map/pdftex/updmap/pdftex.map}] [2

]
(./document.toc [3])
\tf@toc=\write4
\openout4 = `document.toc'.

 [4] [5

] [6]
Capitolo 1.
LaTeX Font Info:    Try loading font information for OMS+cmr on input line 129.

(/usr/local/texlive/2019/texmf-dist/tex/latex/base/omscmr.fd
File: omscmr.fd 2014/09/29 v2.5h Standard LaTeX font definitions
)
LaTeX Font Info:    Font shape `OMS/cmr/m/n' in size <10> not available
(Font)              Font shape `OMS/cmsy/m/n' tried instead on input line 129.
 [7

]
<1.jpg, id=386, 1002.74625pt x 1486.55376pt>
File: 1.jpg Graphic file (type jpg)
<use 1.jpg>
Package pdftex.def Info: 1.jpg  used on input line 165.
(pdftex.def)             Requested size: 345.0pt x 511.45526pt.
 [8] [9 <./1.jpg>] [10]
Capitolo 2.

LaTeX Warning: Marginpar on page 11 moved.


LaTeX Warning: Marginpar on page 11 moved.


Underfull \hbox (badness 1132) in paragraph at lines 232--232
[]\T1/cmr/bx/n/9 4[]\T1/cmr/m/n/9 (+20) . sen-za sog-get-to, do-po
 []


LaTeX Warning: Marginpar on page 11 moved.


LaTeX Warning: Marginpar on page 11 moved.


LaTeX Warning: Marginpar on page 11 moved.


LaTeX Warning: Marginpar on page 11 moved.


LaTeX Warning: Marginpar on page 11 moved.

[11

]
<arano1.png, id=435, 806.01125pt x 446.66875pt>
File: arano1.png Graphic file (type png)
<use arano1.png>
Package pdftex.def Info: arano1.png  used on input line 267.
(pdftex.def)             Requested size: 345.0pt x 191.1914pt.
<arano2.png, id=437, 806.01125pt x 244.915pt>
File: arano2.png Graphic file (type png)
<use arano2.png>
Package pdftex.def Info: arano2.png  used on input line 271.
(pdftex.def)             Requested size: 345.0pt x 104.83304pt.

Underfull \vbox (badness 10000) has occurred while \output is active []

 [12 <./arano1.png>]
Underfull \hbox (badness 1596) in paragraph at lines 282--282
[]\T1/cmr/bx/n/9 2[]\T1/cmr/m/n/9 (+20) . tut-to in-di-ca so-li-tu-di-
 []


LaTeX Warning: Marginpar on page 13 moved.


LaTeX Warning: Marginpar on page 13 moved.


LaTeX Warning: Marginpar on page 13 moved.


LaTeX Warning: Marginpar on page 13 moved.

<lavandare1.png, id=450, 806.01125pt x 369.38pt>
File: lavandare1.png Graphic file (type png)
<use lavandare1.png>
Package pdftex.def Info: lavandare1.png  used on input line 299.
(pdftex.def)             Requested size: 345.0pt x 158.10886pt.
<lavandare2.png, id=451, 806.01125pt x 330.23375pt>
File: lavandare2.png Graphic file (type png)
<use lavandare2.png>
Package pdftex.def Info: lavandare2.png  used on input line 303.
(pdftex.def)             Requested size: 345.0pt x 141.35275pt.
[13 <./arano2.png> <./lavandare1.png>]

LaTeX Warning: Marginpar on page 14 moved.


LaTeX Warning: Marginpar on page 14 moved.


LaTeX Warning: Marginpar on page 14 moved.


LaTeX Warning: Marginpar on page 14 moved.


Underfull \hbox (badness 5359) in paragraph at lines 326--326
[]\T1/cmr/bx/n/9 13[]\T1/cmr/m/n/9 (+20) . va-go e in-de-fi-ni-to:
 []


LaTeX Warning: Marginpar on page 14 moved.


LaTeX Warning: Marginpar on page 14 moved.


LaTeX Warning: Marginpar on page 14 moved.

[14 <./lavandare2.png>]
<agosto1.png, id=514, 806.01125pt x 335.2525pt>
File: agosto1.png Graphic file (type png)
<use agosto1.png>
Package pdftex.def Info: agosto1.png  used on input line 343.
(pdftex.def)             Requested size: 345.0pt x 143.50098pt.
<agosto2.png, id=515, 806.01125pt x 350.30875pt>
File: agosto2.png Graphic file (type png)
<use agosto2.png>
Package pdftex.def Info: agosto2.png  used on input line 347.
(pdftex.def)             Requested size: 345.0pt x 149.94562pt.
<agosto3.png, id=516, 806.01125pt x 218.8175pt>
File: agosto3.png Graphic file (type png)
<use agosto3.png>
Package pdftex.def Info: agosto3.png  used on input line 351.
(pdftex.def)             Requested size: 345.0pt x 93.66231pt.
<agosto4.png, id=517, 806.01125pt x 385.44pt>
File: agosto4.png Graphic file (type png)
<use agosto4.png>
Package pdftex.def Info: agosto4.png  used on input line 357.
(pdftex.def)             Requested size: 345.0pt x 164.98315pt.
 [15 <./agosto1.png> <./agosto2.png> <./agosto3.png>]

LaTeX Warning: Marginpar on page 16 moved.


LaTeX Warning: Marginpar on page 16 moved.


LaTeX Warning: Marginpar on page 16 moved.


LaTeX Warning: Marginpar on page 16 moved.


LaTeX Warning: Marginpar on page 16 moved.

LaTeX Font Info:    Try loading font information for T1+cmtt on input line 382.

(/usr/local/texlive/2019/texmf-dist/tex/latex/base/t1cmtt.fd
File: t1cmtt.fd 2014/09/29 v2.5h Standard LaTeX font definitions
)
Package microtype Info: Loading generic protrusion settings for font family
(microtype)             `cmtt' (encoding: T1).
(microtype)             For optimal results, create family-specific settings.
(microtype)             See the microtype manual for details.

Underfull \hbox (badness 2096) in paragraph at lines 382--382
[]\T1/cmr/bx/n/9 7[]\T1/cmr/m/n/9 (+20) . al-lit-te-ra-zio-ne \T1/cmtt/m/n/9 f 
\T1/cmr/m/n/9 (+20) e \T1/cmtt/m/n/9 r\T1/cmr/m/n/9 (+20) :
 []


LaTeX Warning: Marginpar on page 16 moved.


LaTeX Warning: Marginpar on page 16 moved.


LaTeX Warning: Marginpar on page 16 moved.


LaTeX Warning: Marginpar on page 16 moved.


LaTeX Warning: Marginpar on page 16 moved.


LaTeX Warning: Marginpar on page 16 moved.

[16 <./agosto4.png>]
<assiuolo1.png, id=565, 806.01125pt x 240.9pt>
File: assiuolo1.png Graphic file (type png)
<use assiuolo1.png>
Package pdftex.def Info: assiuolo1.png  used on input line 409.
(pdftex.def)             Requested size: 345.0pt x 103.11446pt.
<assiuolo2.png, id=566, 806.01125pt x 457.71pt>
File: assiuolo2.png Graphic file (type png)
<use assiuolo2.png>
Package pdftex.def Info: assiuolo2.png  used on input line 413.
(pdftex.def)             Requested size: 345.0pt x 195.9175pt.
<assiuolo3.png, id=567, 806.01125pt x 280.04625pt>
File: assiuolo3.png Graphic file (type png)
<use assiuolo3.png>
Package pdftex.def Info: assiuolo3.png  used on input line 417.
(pdftex.def)             Requested size: 345.0pt x 119.87056pt.
 [17 <./assiuolo1.png> <./assiuolo2.png>]
<assiuolo4.png, id=574, 806.01125pt x 580.1675pt>
File: assiuolo4.png Graphic file (type png)
<use assiuolo4.png>
Package pdftex.def Info: assiuolo4.png  used on input line 421.
(pdftex.def)             Requested size: 345.0pt x 248.33401pt.
<assiuolo5.png, id=575, 806.01125pt x 226.8475pt>
File: assiuolo5.png Graphic file (type png)
<use assiuolo5.png>
Package pdftex.def Info: assiuolo5.png  used on input line 425.
(pdftex.def)             Requested size: 345.0pt x 97.09946pt.
<assiuolo6.png, id=576, 806.01125pt x 577.15625pt>
File: assiuolo6.png Graphic file (type png)
<use assiuolo6.png>
Package pdftex.def Info: assiuolo6.png  used on input line 429.
(pdftex.def)             Requested size: 345.0pt x 247.04509pt.
 [18 <./assiuolo3.png> <./assiuolo4.png> <./assiuolo5.png>]
Underfull \hbox (badness 1881) in paragraph at lines 447--447
\T1/cmr/m/n/9 (+20) ri-fe-ri-to a ``oriz-zon-te'' o a
 []

[19 <./assiuolo6.png>]
<temporale1.png, id=599, 806.01125pt x 305.14pt>
File: temporale1.png Graphic file (type png)
<use temporale1.png>
Package pdftex.def Info: temporale1.png  used on input line 466.
(pdftex.def)             Requested size: 345.0pt x 130.61165pt.
<temporale2.png, id=600, 806.01125pt x 214.8025pt>
File: temporale2.png Graphic file (type png)
<use temporale2.png>
Package pdftex.def Info: temporale2.png  used on input line 470.
(pdftex.def)             Requested size: 345.0pt x 91.94373pt.
<temporale3.png, id=601, 806.01125pt x 246.9225pt>
File: temporale3.png Graphic file (type png)
<use temporale3.png>
Package pdftex.def Info: temporale3.png  used on input line 474.
(pdftex.def)             Requested size: 345.0pt x 105.69232pt.
 [20 <./temporale1.png> <./temporale2.png>]
<temporale4.png, id=608, 806.01125pt x 418.56375pt>
File: temporale4.png Graphic file (type png)
<use temporale4.png>
Package pdftex.def Info: temporale4.png  used on input line 478.
(pdftex.def)             Requested size: 345.0pt x 179.16139pt.

Underfull \hbox (badness 2134) in paragraph at lines 501--501
[]\T1/cmr/bx/n/9 6[]\T1/cmr/m/n/9 (+20) . ipal-la-ge e si-ne-ste-sia,
 []


LaTeX Warning: Marginpar on page 21 moved.


LaTeX Warning: Marginpar on page 21 moved.

[21 <./temporale3.png> <./temporale4.png>]
<novembre1.png, id=635, 806.01125pt x 562.1pt>
File: novembre1.png Graphic file (type png)
<use novembre1.png>
Package pdftex.def Info: novembre1.png  used on input line 517.
(pdftex.def)             Requested size: 345.0pt x 240.60043pt.
<novembre2.png, id=636, 806.01125pt x 543.02875pt>
File: novembre2.png Graphic file (type png)
<use novembre2.png>
Package pdftex.def Info: novembre2.png  used on input line 521.
(pdftex.def)             Requested size: 345.0pt x 232.4372pt.
 [22 <./novembre1.png>]
<novembre3.png, id=642, 806.01125pt x 291.0875pt>
File: novembre3.png Graphic file (type png)
<use novembre3.png>
Package pdftex.def Info: novembre3.png  used on input line 525.
(pdftex.def)             Requested size: 345.0pt x 124.59665pt.
<novembre4.png, id=643, 806.01125pt x 327.2225pt>
File: novembre4.png Graphic file (type png)
<use novembre4.png>
Package pdftex.def Info: novembre4.png  used on input line 529.
(pdftex.def)             Requested size: 345.0pt x 140.06381pt.
 [23 <./novembre2.png> <./novembre3.png> <./novembre4.png>]

LaTeX Warning: Marginpar on page 24 moved.


LaTeX Warning: Marginpar on page 24 moved.


LaTeX Warning: Marginpar on page 24 moved.


LaTeX Warning: Marginpar on page 24 moved.

[24]
Capitolo 3.
[25

] [26] [27] [28]
<digitale1.png, id=732, 806.01125pt x 218.8175pt>
File: digitale1.png Graphic file (type png)
<use digitale1.png>
Package pdftex.def Info: digitale1.png  used on input line 715.
(pdftex.def)             Requested size: 345.0pt x 93.66231pt.
 [29]
<digitale2.png, id=762, 806.01125pt x 394.47375pt>
File: digitale2.png Graphic file (type png)
<use digitale2.png>
Package pdftex.def Info: digitale2.png  used on input line 719.
(pdftex.def)             Requested size: 345.0pt x 168.84995pt.
<digitale3.png, id=763, 806.01125pt x 436.63126pt>
File: digitale3.png Graphic file (type png)
<use digitale3.png>
Package pdftex.def Info: digitale3.png  used on input line 723.
(pdftex.def)             Requested size: 345.0pt x 186.89499pt.
<digitale4.png, id=764, 806.01125pt x 676.5275pt>
File: digitale4.png Graphic file (type png)
<use digitale4.png>
Package pdftex.def Info: digitale4.png  used on input line 727.
(pdftex.def)             Requested size: 345.0pt x 289.5798pt.
 [30 <./digitale1.png> <./digitale2.png> <./digitale3.png>]
<digitale5.png, id=772, 806.01125pt x 246.9225pt>
File: digitale5.png Graphic file (type png)
<use digitale5.png>
Package pdftex.def Info: digitale5.png  used on input line 731.
(pdftex.def)             Requested size: 345.0pt x 105.69232pt.
<digitale6.png, id=773, 806.01125pt x 194.7275pt>
File: digitale6.png Graphic file (type png)
<use digitale6.png>
Package pdftex.def Info: digitale6.png  used on input line 735.
(pdftex.def)             Requested size: 345.0pt x 83.35085pt.
<digitale7.png, id=774, 806.01125pt x 301.125pt>
File: digitale7.png Graphic file (type png)
<use digitale7.png>
Package pdftex.def Info: digitale7.png  used on input line 739.
(pdftex.def)             Requested size: 345.0pt x 128.89308pt.
 [31 <./digitale4.png> <./digitale5.png> <./digitale6.png>] [32 <./digitale7.pn
g>]
Capitolo 4.

Underfull \hbox (badness 3058) in paragraph at lines 749--749
[]\T1/cmr/bx/n/9 1[]\T1/cmr/m/n/9 (+20) . al-lu-de ad una fa-se
 []


LaTeX Warning: Marginpar on page 33 moved.


LaTeX Warning: Marginpar on page 33 moved.


LaTeX Warning: Marginpar on page 33 moved.


LaTeX Warning: Marginpar on page 33 moved.


LaTeX Warning: Marginpar on page 33 moved.


LaTeX Warning: Marginpar on page 33 moved.


LaTeX Warning: Marginpar on page 33 moved.


LaTeX Warning: Marginpar on page 33 moved.


LaTeX Warning: Marginpar on page 33 moved.


LaTeX Warning: Marginpar on page 33 moved.

[33

]
<gelsomino1.png, id=829, 806.01125pt x 569.12625pt>
File: gelsomino1.png Graphic file (type png)
<use gelsomino1.png>
Package pdftex.def Info: gelsomino1.png  used on input line 788.
(pdftex.def)             Requested size: 345.0pt x 243.60794pt.
<gelsomino2.png, id=830, 806.01125pt x 282.05376pt>
File: gelsomino2.png Graphic file (type png)
<use gelsomino2.png>
Package pdftex.def Info: gelsomino2.png  used on input line 792.
(pdftex.def)             Requested size: 345.0pt x 120.72986pt.
 [34 <./gelsomino1.png>]
<gelsomino3.png, id=836, 806.01125pt x 328.22626pt>
File: gelsomino3.png Graphic file (type png)
<use gelsomino3.png>
Package pdftex.def Info: gelsomino3.png  used on input line 796.
(pdftex.def)             Requested size: 345.0pt x 140.49347pt.
<gelsomino4.png, id=837, 806.01125pt x 376.40625pt>
File: gelsomino4.png Graphic file (type png)
<use gelsomino4.png>
Package pdftex.def Info: gelsomino4.png  used on input line 800.
(pdftex.def)             Requested size: 345.0pt x 161.11636pt.
<gelsomino5.png, id=838, 806.01125pt x 119.44624pt>
File: gelsomino5.png Graphic file (type png)
<use gelsomino5.png>
Package pdftex.def Info: gelsomino5.png  used on input line 804.
(pdftex.def)             Requested size: 345.0pt x 51.12758pt.
<gelsomino6.png, id=839, 806.01125pt x 259.97125pt>
File: gelsomino6.png Graphic file (type png)
<use gelsomino6.png>
Package pdftex.def Info: gelsomino6.png  used on input line 808.
(pdftex.def)             Requested size: 345.0pt x 111.2777pt.
 [35 <./gelsomino2.png> <./gelsomino3.png> <./gelsomino4.png> <./gelsomino5.png
>] [36 <./gelsomino6.png>] [37

] [38]
Capitolo 5.
[39

] [40] [41] [42] [43]
<3.jpg, id=886, 180.675pt x 139.52126pt>
File: 3.jpg Graphic file (type jpg)
<use 3.jpg>
Package pdftex.def Info: 3.jpg  used on input line 965.
(pdftex.def)             Requested size: 113.81102pt x 87.8882pt.
 [44 <./3.jpg>] [45] [46

]
Capitolo 6.
[47] [48]
Underfull \hbox (badness 1087) in paragraph at lines 1019--1019
[]\T1/cmr/bx/n/9 3[]\T1/cmr/m/n/9 (+20) . fa dei ten-ta-ti-vi, non
 []

[49] [50]
<ali1.png, id=923, 806.01125pt x 422.57875pt>
File: ali1.png Graphic file (type png)
<use ali1.png>
Package pdftex.def Info: ali1.png  used on input line 1078.
(pdftex.def)             Requested size: 345.0pt x 180.87997pt.
<ali2.png, id=924, 806.01125pt x 474.77374pt>
File: ali2.png Graphic file (type png)
<use ali2.png>
Package pdftex.def Info: ali2.png  used on input line 1082.
(pdftex.def)             Requested size: 345.0pt x 203.22144pt.
 [51 <./ali1.png>] [52 <./ali2.png>]
Capitolo 7.
[53

]
<veruda.png, id=939, 297.11pt x 496.85625pt>
File: veruda.png Graphic file (type png)
<use veruda.png>
Package pdftex.def Info: veruda.png  used on input line 1099.
(pdftex.def)             Requested size: 170.71652pt x 285.50058pt.
 [54 <./veruda.png>] [55] [56]
Underfull \hbox (badness 1178) in paragraph at lines 1145--1145
\T1/cmr/m/n/9 (+20) fem-mi-ni-le, ra-gaz-za po-ve-ra
 []

[57]
<inetto1.png, id=960, 808.01875pt x 529.98pt>
File: inetto1.png Graphic file (type png)
<use inetto1.png>
Package pdftex.def Info: inetto1.png  used on input line 1165.
(pdftex.def)             Requested size: 345.0pt x 226.28575pt.
 [58]
<inetto2.png, id=965, 808.01875pt x 429.605pt>
File: inetto2.png Graphic file (type png)
<use inetto2.png>
Package pdftex.def Info: inetto2.png  used on input line 1169.
(pdftex.def)             Requested size: 345.0pt x 183.4286pt.
<inetto3.png, id=966, 808.01875pt x 385.44pt>
File: inetto3.png Graphic file (type png)
<use inetto3.png>
Package pdftex.def Info: inetto3.png  used on input line 1173.
(pdftex.def)             Requested size: 345.0pt x 164.57146pt.
 [59 <./inetto1.png> <./inetto2.png> <./inetto3.png>] [60

]
Capitolo 8.

Overfull \hbox (4.30246pt too wide) in paragraph at lines 1189--1189
|[]\T1/cmr/bx/n/14.4 Giacomo De-be-ne-det-ti: \T1/cmr/bx/it/14.4 Una scrit-tu-r
a che mor-
 []

[61] [62] [63] [64]
<fumo1.png, id=996, 805.0075pt x 372.39125pt>
File: fumo1.png Graphic file (type png)
<use fumo1.png>
Package pdftex.def Info: fumo1.png  used on input line 1302.
(pdftex.def)             Requested size: 345.0pt x 159.59097pt.
<fumo2.png, id=997, 805.0075pt x 254.9525pt>
File: fumo2.png Graphic file (type png)
<use fumo2.png>
Package pdftex.def Info: fumo2.png  used on input line 1306.
(pdftex.def)             Requested size: 345.0pt x 109.26173pt.
<fumo3.png, id=998, 805.0075pt x 640.3925pt>
File: fumo3.png Graphic file (type png)
<use fumo3.png>
Package pdftex.def Info: fumo3.png  used on input line 1310.
(pdftex.def)             Requested size: 345.0pt x 274.44487pt.
 [65 <./fumo1.png> <./fumo2.png>] [66 <./fumo3.png>]
[67]
<padre1.png, id=1015, 805.0075pt x 242.9075pt>
File: padre1.png Graphic file (type png)
<use padre1.png>
Package pdftex.def Info: padre1.png  used on input line 1381.
(pdftex.def)             Requested size: 345.0pt x 104.09976pt.
<padre2.png, id=1016, 805.0075pt x 690.58pt>
File: padre2.png Graphic file (type png)
<use padre2.png>
Package pdftex.def Info: padre2.png  used on input line 1385.
(pdftex.def)             Requested size: 345.0pt x 295.9531pt.
 [68 <./padre1.png>]
<padre3.png, id=1022, 805.0075pt x 415.5525pt>
File: padre3.png Graphic file (type png)
<use padre3.png>
Package pdftex.def Info: padre3.png  used on input line 1389.
(pdftex.def)             Requested size: 345.0pt x 178.08804pt.
 [69 <./padre2.png> <./padre3.png>] [70] [71

] [72]
Capitolo 9.
[73

] [74] [75] [76] [77] [78

]
Capitolo 10.
[79]
Underfull \hbox (badness 10000) in paragraph at lines 1548--1549

 []


Underfull \hbox (badness 10000) in paragraph at lines 1550--1559

 []


LaTeX Warning: Marginpar on page 80 moved.


LaTeX Warning: Marginpar on page 80 moved.

[80]
Underfull \hbox (badness 10000) in paragraph at lines 1574--1595

 []

[81] [82]

LaTeX Warning: Hyper reference `10.9' on page 83 undefined on input line 1607.


Underfull \hbox (badness 10000) in paragraph at lines 1596--1616

 []

[83] [84]
<ciaula1.png, id=1099, 808.01875pt x 576.1525pt>
File: ciaula1.png Graphic file (type png)
<use ciaula1.png>
Package pdftex.def Info: ciaula1.png  used on input line 1621.
(pdftex.def)             Requested size: 345.0pt x 246.00005pt.
<ciaula2.png, id=1100, 808.01875pt x 221.82875pt>
File: ciaula2.png Graphic file (type png)
<use ciaula2.png>
Package pdftex.def Info: ciaula2.png  used on input line 1625.
(pdftex.def)             Requested size: 345.0pt x 94.7143pt.
<ciaula3.png, id=1101, 808.01875pt x 424.58624pt>
File: ciaula3.png Graphic file (type png)
<use ciaula3.png>
Package pdftex.def Info: ciaula3.png  used on input line 1629.
(pdftex.def)             Requested size: 345.0pt x 181.28575pt.
 [85 <./ciaula1.png> <./ciaula2.png> <./ciaula3.png>] [86

]
Capitolo 11.
[87] [88]
<umorismo1.png, id=1122, 808.01875pt x 278.03876pt>
File: umorismo1.png Graphic file (type png)
<use umorismo1.png>
Package pdftex.def Info: umorismo1.png  used on input line 1689.
(pdftex.def)             Requested size: 345.0pt x 118.71431pt.
<umorismo2.png, id=1123, 808.01875pt x 332.24126pt>
File: umorismo2.png Graphic file (type png)
<use umorismo2.png>
Package pdftex.def Info: umorismo2.png  used on input line 1693.
(pdftex.def)             Requested size: 345.0pt x 141.85716pt.

Underfull \vbox (badness 1910) has occurred while \output is active []

 [89 <./umorismo1.png>]
<umorismo3.png, id=1129, 808.01875pt x 210.7875pt>
File: umorismo3.png Graphic file (type png)
<use umorismo3.png>
Package pdftex.def Info: umorismo3.png  used on input line 1697.
(pdftex.def)             Requested size: 345.0pt x 90.00002pt.
 [90 <./umorismo2.png> <./umorismo3.png>]
Capitolo 12.
[91

]
<page917.png, id=1142, 1156.32pt x 1540.75626pt>
File: page917.png Graphic file (type png)
<use page917.png>
Package pdftex.def Info: page917.png  used on input line 1748.
(pdftex.def)             Requested size: 1156.31718pt x 1540.7525pt.
File: page917.png Graphic file (type png)
<use page917.png>
Package pdftex.def Info: page917.png  used on input line 1748.
(pdftex.def)             Requested size: 1156.31718pt x 1540.7525pt.
File: page917.png Graphic file (type png)
<use page917.png>
Package pdftex.def Info: page917.png  used on input line 1748.
(pdftex.def)             Requested size: 1156.31718pt x 1540.7525pt.
File: page917.png Graphic file (type png)
<use page917.png>
Package pdftex.def Info: page917.png  used on input line 1748.
(pdftex.def)             Requested size: 597.6552pt x 796.35481pt.
 [92]
File: page917.png Graphic file (type png)
<use page917.png>
Package pdftex.def Info: page917.png  used on input line 1748.
(pdftex.def)             Requested size: 597.6552pt x 796.35481pt.
File: page917.png Graphic file (type png)
<use page917.png>
Package pdftex.def Info: page917.png  used on input line 1748.
(pdftex.def)             Requested size: 597.6552pt x 796.35481pt.
File: page917.png Graphic file (type png)
<use page917.png>
Package pdftex.def Info: page917.png  used on input line 1748.
(pdftex.def)             Requested size: 597.6552pt x 796.35481pt.
 [93 <./page917.png>]
<page918.png, id=1154, 1156.32pt x 1540.75626pt>
File: page918.png Graphic file (type png)
<use page918.png>
Package pdftex.def Info: page918.png  used on input line 1749.
(pdftex.def)             Requested size: 1156.31718pt x 1540.7525pt.
File: page918.png Graphic file (type png)
<use page918.png>
Package pdftex.def Info: page918.png  used on input line 1749.
(pdftex.def)             Requested size: 1156.31718pt x 1540.7525pt.
File: page918.png Graphic file (type png)
<use page918.png>
Package pdftex.def Info: page918.png  used on input line 1749.
(pdftex.def)             Requested size: 1156.31718pt x 1540.7525pt.
File: page918.png Graphic file (type png)
<use page918.png>
Package pdftex.def Info: page918.png  used on input line 1749.
(pdftex.def)             Requested size: 597.6552pt x 796.35481pt.
File: page918.png Graphic file (type png)
<use page918.png>
Package pdftex.def Info: page918.png  used on input line 1749.
(pdftex.def)             Requested size: 597.6552pt x 796.35481pt.
File: page918.png Graphic file (type png)
<use page918.png>
Package pdftex.def Info: page918.png  used on input line 1749.
(pdftex.def)             Requested size: 597.6552pt x 796.35481pt.
File: page918.png Graphic file (type png)
<use page918.png>
Package pdftex.def Info: page918.png  used on input line 1749.
(pdftex.def)             Requested size: 597.6552pt x 796.35481pt.
 [94 <./page918.png>]
<page919.png, id=1161, 1156.32pt x 1540.75626pt>
File: page919.png Graphic file (type png)
<use page919.png>
Package pdftex.def Info: page919.png  used on input line 1750.
(pdftex.def)             Requested size: 1156.31718pt x 1540.7525pt.
File: page919.png Graphic file (type png)
<use page919.png>
Package pdftex.def Info: page919.png  used on input line 1750.
(pdftex.def)             Requested size: 1156.31718pt x 1540.7525pt.
File: page919.png Graphic file (type png)
<use page919.png>
Package pdftex.def Info: page919.png  used on input line 1750.
(pdftex.def)             Requested size: 1156.31718pt x 1540.7525pt.
File: page919.png Graphic file (type png)
<use page919.png>
Package pdftex.def Info: page919.png  used on input line 1750.
(pdftex.def)             Requested size: 597.6552pt x 796.35481pt.
File: page919.png Graphic file (type png)
<use page919.png>
Package pdftex.def Info: page919.png  used on input line 1750.
(pdftex.def)             Requested size: 597.6552pt x 796.35481pt.
File: page919.png Graphic file (type png)
<use page919.png>
Package pdftex.def Info: page919.png  used on input line 1750.
(pdftex.def)             Requested size: 597.6552pt x 796.35481pt.
File: page919.png Graphic file (type png)
<use page919.png>
Package pdftex.def Info: page919.png  used on input line 1750.
(pdftex.def)             Requested size: 597.6552pt x 796.35481pt.
 [95 <./page919.png>]
<page920.png, id=1168, 1156.32pt x 1540.75626pt>
File: page920.png Graphic file (type png)
<use page920.png>
Package pdftex.def Info: page920.png  used on input line 1751.
(pdftex.def)             Requested size: 1156.31718pt x 1540.7525pt.
File: page920.png Graphic file (type png)
<use page920.png>
Package pdftex.def Info: page920.png  used on input line 1751.
(pdftex.def)             Requested size: 1156.31718pt x 1540.7525pt.
File: page920.png Graphic file (type png)
<use page920.png>
Package pdftex.def Info: page920.png  used on input line 1751.
(pdftex.def)             Requested size: 1156.31718pt x 1540.7525pt.
File: page920.png Graphic file (type png)
<use page920.png>
Package pdftex.def Info: page920.png  used on input line 1751.
(pdftex.def)             Requested size: 597.6552pt x 796.35481pt.
File: page920.png Graphic file (type png)
<use page920.png>
Package pdftex.def Info: page920.png  used on input line 1751.
(pdftex.def)             Requested size: 597.6552pt x 796.35481pt.
File: page920.png Graphic file (type png)
<use page920.png>
Package pdftex.def Info: page920.png  used on input line 1751.
(pdftex.def)             Requested size: 597.6552pt x 796.35481pt.
File: page920.png Graphic file (type png)
<use page920.png>
Package pdftex.def Info: page920.png  used on input line 1751.
(pdftex.def)             Requested size: 597.6552pt x 796.35481pt.

[96 <./page920.png>]
<page921.png, id=1175, 1156.32pt x 1540.75626pt>
File: page921.png Graphic file (type png)
<use page921.png>
Package pdftex.def Info: page921.png  used on input line 1752.
(pdftex.def)             Requested size: 1156.31718pt x 1540.7525pt.
File: page921.png Graphic file (type png)
<use page921.png>
Package pdftex.def Info: page921.png  used on input line 1752.
(pdftex.def)             Requested size: 1156.31718pt x 1540.7525pt.
File: page921.png Graphic file (type png)
<use page921.png>
Package pdftex.def Info: page921.png  used on input line 1752.
(pdftex.def)             Requested size: 1156.31718pt x 1540.7525pt.
File: page921.png Graphic file (type png)
<use page921.png>
Package pdftex.def Info: page921.png  used on input line 1752.
(pdftex.def)             Requested size: 597.6552pt x 796.35481pt.
File: page921.png Graphic file (type png)
<use page921.png>
Package pdftex.def Info: page921.png  used on input line 1752.
(pdftex.def)             Requested size: 597.6552pt x 796.35481pt.
File: page921.png Graphic file (type png)
<use page921.png>
Package pdftex.def Info: page921.png  used on input line 1752.
(pdftex.def)             Requested size: 597.6552pt x 796.35481pt.
File: page921.png Graphic file (type png)
<use page921.png>
Package pdftex.def Info: page921.png  used on input line 1752.
(pdftex.def)             Requested size: 597.6552pt x 796.35481pt.
 [97 <./page921.png>]
<page922.png, id=1183, 1156.32pt x 1540.75626pt>
File: page922.png Graphic file (type png)
<use page922.png>
Package pdftex.def Info: page922.png  used on input line 1753.
(pdftex.def)             Requested size: 1156.31718pt x 1540.7525pt.
File: page922.png Graphic file (type png)
<use page922.png>
Package pdftex.def Info: page922.png  used on input line 1753.
(pdftex.def)             Requested size: 1156.31718pt x 1540.7525pt.
File: page922.png Graphic file (type png)
<use page922.png>
Package pdftex.def Info: page922.png  used on input line 1753.
(pdftex.def)             Requested size: 1156.31718pt x 1540.7525pt.
File: page922.png Graphic file (type png)
<use page922.png>
Package pdftex.def Info: page922.png  used on input line 1753.
(pdftex.def)             Requested size: 597.6552pt x 796.35481pt.
File: page922.png Graphic file (type png)
<use page922.png>
Package pdftex.def Info: page922.png  used on input line 1753.
(pdftex.def)             Requested size: 597.6552pt x 796.35481pt.
File: page922.png Graphic file (type png)
<use page922.png>
Package pdftex.def Info: page922.png  used on input line 1753.
(pdftex.def)             Requested size: 597.6552pt x 796.35481pt.
File: page922.png Graphic file (type png)
<use page922.png>
Package pdftex.def Info: page922.png  used on input line 1753.
(pdftex.def)             Requested size: 597.6552pt x 796.35481pt.
 [98 <./page922.png>]
Capitolo 13.
[99

] [100]
Capitolo 14.
[101

] [102] [103] [104]
<identita1.png, id=1216, 808.01875pt x 308.15125pt>
File: identita1.png Graphic file (type png)
<use identita1.png>
Package pdftex.def Info: identita1.png  used on input line 1931.
(pdftex.def)             Requested size: 345.0pt x 131.57144pt.
<identita2.png, id=1217, 808.01875pt x 95.35625pt>
File: identita2.png Graphic file (type png)
<use identita2.png>
Package pdftex.def Info: identita2.png  used on input line 1935.
(pdftex.def)             Requested size: 345.0pt x 40.71428pt.
 [105 <./identita1.png>]
<identita3.png, id=1223, 808.01875pt x 673.51625pt>
File: identita3.png Graphic file (type png)
<use identita3.png>
Package pdftex.def Info: identita3.png  used on input line 1939.
(pdftex.def)             Requested size: 345.0pt x 287.57149pt.
<identita4.png, id=1224, 808.01875pt x 328.22626pt>
File: identita4.png Graphic file (type png)
<use identita4.png>
Package pdftex.def Info: identita4.png  used on input line 1943.
(pdftex.def)             Requested size: 345.0pt x 140.14288pt.
 [106 <./identita2.png> <./identita3.png> <./identita4.png>]
Underfull \vbox (badness 1668) has occurred while \output is active []

 [107]
[108]
Capitolo 15.
[109

] [110]
<macchina1.png, id=1249, 808.01875pt x 244.915pt>
File: macchina1.png Graphic file (type png)
<use macchina1.png>
Package pdftex.def Info: macchina1.png  used on input line 2060.
(pdftex.def)             Requested size: 345.0pt x 104.57144pt.
<macchina2.png, id=1250, 808.01875pt x 242.9075pt>
File: macchina2.png Graphic file (type png)
<use macchina2.png>
Package pdftex.def Info: macchina2.png  used on input line 2064.
(pdftex.def)             Requested size: 345.0pt x 103.7143pt.
<macchina3.png, id=1251, 808.01875pt x 231.86626pt>
File: macchina3.png Graphic file (type png)
<use macchina3.png>
Package pdftex.def Info: macchina3.png  used on input line 2068.
(pdftex.def)             Requested size: 345.0pt x 99.00002pt.
<macchina4.png, id=1252, 808.01875pt x 247.92625pt>
File: macchina4.png Graphic file (type png)
<use macchina4.png>
Package pdftex.def Info: macchina4.png  used on input line 2072.
(pdftex.def)             Requested size: 345.0pt x 105.85716pt.
<macchina5.png, id=1253, 808.01875pt x 620.3175pt>
File: macchina5.png Graphic file (type png)
<use macchina5.png>
Package pdftex.def Info: macchina5.png  used on input line 2076.
(pdftex.def)             Requested size: 345.0pt x 264.85721pt.
 [111 <./macchina1.png> <./macchina2.png> <./macchina3.png> <./macchina4.png>]
<macchina6.png, id=1262, 808.01875pt x 131.49126pt>
File: macchina6.png Graphic file (type png)
<use macchina6.png>
Package pdftex.def Info: macchina6.png  used on input line 2080.
(pdftex.def)             Requested size: 345.0pt x 56.14285pt.
<page961.png, id=1263, 1156.32pt x 1540.75626pt>
File: page961.png Graphic file (type png)
<use page961.png>
Package pdftex.def Info: page961.png  used on input line 2087.
(pdftex.def)             Requested size: 1156.31718pt x 1540.7525pt.
File: page961.png Graphic file (type png)
<use page961.png>
Package pdftex.def Info: page961.png  used on input line 2087.
(pdftex.def)             Requested size: 1156.31718pt x 1540.7525pt.
File: page961.png Graphic file (type png)
<use page961.png>
Package pdftex.def Info: page961.png  used on input line 2087.
(pdftex.def)             Requested size: 1156.31718pt x 1540.7525pt.
File: page961.png Graphic file (type png)
<use page961.png>
Package pdftex.def Info: page961.png  used on input line 2087.
(pdftex.def)             Requested size: 597.6552pt x 796.35481pt.
 [112 <./macchina5.png> <./macchina6.png>]
File: page961.png Graphic file (type png)
<use page961.png>
Package pdftex.def Info: page961.png  used on input line 2087.
(pdftex.def)             Requested size: 597.6552pt x 796.35481pt.
File: page961.png Graphic file (type png)
<use page961.png>
Package pdftex.def Info: page961.png  used on input line 2087.
(pdftex.def)             Requested size: 597.6552pt x 796.35481pt.
File: page961.png Graphic file (type png)
<use page961.png>
Package pdftex.def Info: page961.png  used on input line 2087.
(pdftex.def)             Requested size: 597.6552pt x 796.35481pt.
 [113 <./page961.png>]
<page962.png, id=1276, 1156.32pt x 1540.75626pt>
File: page962.png Graphic file (type png)
<use page962.png>
Package pdftex.def Info: page962.png  used on input line 2088.
(pdftex.def)             Requested size: 1156.31718pt x 1540.7525pt.
File: page962.png Graphic file (type png)
<use page962.png>
Package pdftex.def Info: page962.png  used on input line 2088.
(pdftex.def)             Requested size: 1156.31718pt x 1540.7525pt.
File: page962.png Graphic file (type png)
<use page962.png>
Package pdftex.def Info: page962.png  used on input line 2088.
(pdftex.def)             Requested size: 1156.31718pt x 1540.7525pt.
File: page962.png Graphic file (type png)
<use page962.png>
Package pdftex.def Info: page962.png  used on input line 2088.
(pdftex.def)             Requested size: 597.6552pt x 796.35481pt.
File: page962.png Graphic file (type png)
<use page962.png>
Package pdftex.def Info: page962.png  used on input line 2088.
(pdftex.def)             Requested size: 597.6552pt x 796.35481pt.
File: page962.png Graphic file (type png)
<use page962.png>
Package pdftex.def Info: page962.png  used on input line 2088.
(pdftex.def)             Requested size: 597.6552pt x 796.35481pt.
File: page962.png Graphic file (type png)
<use page962.png>
Package pdftex.def Info: page962.png  used on input line 2088.
(pdftex.def)             Requested size: 597.6552pt x 796.35481pt.

[114 <./page962.png>]
<page963.png, id=1283, 1156.32pt x 1540.75626pt>
File: page963.png Graphic file (type png)
<use page963.png>
Package pdftex.def Info: page963.png  used on input line 2089.
(pdftex.def)             Requested size: 1156.31718pt x 1540.7525pt.
File: page963.png Graphic file (type png)
<use page963.png>
Package pdftex.def Info: page963.png  used on input line 2089.
(pdftex.def)             Requested size: 1156.31718pt x 1540.7525pt.
File: page963.png Graphic file (type png)
<use page963.png>
Package pdftex.def Info: page963.png  used on input line 2089.
(pdftex.def)             Requested size: 1156.31718pt x 1540.7525pt.
File: page963.png Graphic file (type png)
<use page963.png>
Package pdftex.def Info: page963.png  used on input line 2089.
(pdftex.def)             Requested size: 597.6552pt x 796.35481pt.
File: page963.png Graphic file (type png)
<use page963.png>
Package pdftex.def Info: page963.png  used on input line 2089.
(pdftex.def)             Requested size: 597.6552pt x 796.35481pt.
File: page963.png Graphic file (type png)
<use page963.png>
Package pdftex.def Info: page963.png  used on input line 2089.
(pdftex.def)             Requested size: 597.6552pt x 796.35481pt.
File: page963.png Graphic file (type png)
<use page963.png>
Package pdftex.def Info: page963.png  used on input line 2089.
(pdftex.def)             Requested size: 597.6552pt x 796.35481pt.
 [115 <./page963.png>] [116

]
Capitolo 16.
[117] [118]
<abito.png, id=1308, 283.0575pt x 692.5875pt>
File: abito.png Graphic file (type png)
<use abito.png>
Package pdftex.def Info: abito.png  used on input line 2149.
(pdftex.def)             Requested size: 199.16928pt x 487.34427pt.
 [119] [120 <./abito.png>]
Capitolo 17.
[121

]
<2.png, id=1327, 571.13374pt x 420.57124pt>
File: 2.png Graphic file (type png)
<use 2.png>
Package pdftex.def Info: 2.png  used on input line 2200.
(pdftex.def)             Requested size: 199.16928pt x 146.66307pt.

Underfull \vbox (badness 3000) has occurred while \output is active []

 [122 <./2.png>] [123] [124]
<page1007.png, id=1343, 1156.32pt x 1540.75626pt>
File: page1007.png Graphic file (type png)
<use page1007.png>
Package pdftex.def Info: page1007.png  used on input line 2289.
(pdftex.def)             Requested size: 1156.31718pt x 1540.7525pt.
File: page1007.png Graphic file (type png)
<use page1007.png>
Package pdftex.def Info: page1007.png  used on input line 2289.
(pdftex.def)             Requested size: 1156.31718pt x 1540.7525pt.
File: page1007.png Graphic file (type png)
<use page1007.png>
Package pdftex.def Info: page1007.png  used on input line 2289.
(pdftex.def)             Requested size: 1156.31718pt x 1540.7525pt.
File: page1007.png Graphic file (type png)
<use page1007.png>
Package pdftex.def Info: page1007.png  used on input line 2289.
(pdftex.def)             Requested size: 597.6552pt x 796.35481pt.
 [125]
File: page1007.png Graphic file (type png)
<use page1007.png>
Package pdftex.def Info: page1007.png  used on input line 2289.
(pdftex.def)             Requested size: 597.6552pt x 796.35481pt.
File: page1007.png Graphic file (type png)
<use page1007.png>
Package pdftex.def Info: page1007.png  used on input line 2289.
(pdftex.def)             Requested size: 597.6552pt x 796.35481pt.
File: page1007.png Graphic file (type png)
<use page1007.png>
Package pdftex.def Info: page1007.png  used on input line 2289.
(pdftex.def)             Requested size: 597.6552pt x 796.35481pt.
 [126 <./page1007.png>]
<page1008.png, id=1356, 1156.32pt x 1540.75626pt>
File: page1008.png Graphic file (type png)
<use page1008.png>
Package pdftex.def Info: page1008.png  used on input line 2290.
(pdftex.def)             Requested size: 1156.31718pt x 1540.7525pt.
File: page1008.png Graphic file (type png)
<use page1008.png>
Package pdftex.def Info: page1008.png  used on input line 2290.
(pdftex.def)             Requested size: 1156.31718pt x 1540.7525pt.
File: page1008.png Graphic file (type png)
<use page1008.png>
Package pdftex.def Info: page1008.png  used on input line 2290.
(pdftex.def)             Requested size: 1156.31718pt x 1540.7525pt.
File: page1008.png Graphic file (type png)
<use page1008.png>
Package pdftex.def Info: page1008.png  used on input line 2290.
(pdftex.def)             Requested size: 597.6552pt x 796.35481pt.
File: page1008.png Graphic file (type png)
<use page1008.png>
Package pdftex.def Info: page1008.png  used on input line 2290.
(pdftex.def)             Requested size: 597.6552pt x 796.35481pt.
File: page1008.png Graphic file (type png)
<use page1008.png>
Package pdftex.def Info: page1008.png  used on input line 2290.
(pdftex.def)             Requested size: 597.6552pt x 796.35481pt.
File: page1008.png Graphic file (type png)
<use page1008.png>
Package pdftex.def Info: page1008.png  used on input line 2290.
(pdftex.def)             Requested size: 597.6552pt x 796.35481pt.
 [127 <./page1008.png>]
<page1009.png, id=1364, 1156.32pt x 1540.75626pt>
File: page1009.png Graphic file (type png)
<use page1009.png>
Package pdftex.def Info: page1009.png  used on input line 2291.
(pdftex.def)             Requested size: 1156.31718pt x 1540.7525pt.
File: page1009.png Graphic file (type png)
<use page1009.png>
Package pdftex.def Info: page1009.png  used on input line 2291.
(pdftex.def)             Requested size: 1156.31718pt x 1540.7525pt.
File: page1009.png Graphic file (type png)
<use page1009.png>
Package pdftex.def Info: page1009.png  used on input line 2291.
(pdftex.def)             Requested size: 1156.31718pt x 1540.7525pt.
File: page1009.png Graphic file (type png)
<use page1009.png>
Package pdftex.def Info: page1009.png  used on input line 2291.
(pdftex.def)             Requested size: 597.6552pt x 796.35481pt.
File: page1009.png Graphic file (type png)
<use page1009.png>
Package pdftex.def Info: page1009.png  used on input line 2291.
(pdftex.def)             Requested size: 597.6552pt x 796.35481pt.
File: page1009.png Graphic file (type png)
<use page1009.png>
Package pdftex.def Info: page1009.png  used on input line 2291.
(pdftex.def)             Requested size: 597.6552pt x 796.35481pt.
File: page1009.png Graphic file (type png)
<use page1009.png>
Package pdftex.def Info: page1009.png  used on input line 2291.
(pdftex.def)             Requested size: 597.6552pt x 796.35481pt.
 [128 <./page1009.png>]
<page1010.png, id=1371, 1156.32pt x 1540.75626pt>
File: page1010.png Graphic file (type png)
<use page1010.png>
Package pdftex.def Info: page1010.png  used on input line 2292.
(pdftex.def)             Requested size: 1156.31718pt x 1540.7525pt.
File: page1010.png Graphic file (type png)
<use page1010.png>
Package pdftex.def Info: page1010.png  used on input line 2292.
(pdftex.def)             Requested size: 1156.31718pt x 1540.7525pt.
File: page1010.png Graphic file (type png)
<use page1010.png>
Package pdftex.def Info: page1010.png  used on input line 2292.
(pdftex.def)             Requested size: 1156.31718pt x 1540.7525pt.
File: page1010.png Graphic file (type png)
<use page1010.png>
Package pdftex.def Info: page1010.png  used on input line 2292.
(pdftex.def)             Requested size: 597.6552pt x 796.35481pt.
File: page1010.png Graphic file (type png)
<use page1010.png>
Package pdftex.def Info: page1010.png  used on input line 2292.
(pdftex.def)             Requested size: 597.6552pt x 796.35481pt.
File: page1010.png Graphic file (type png)
<use page1010.png>
Package pdftex.def Info: page1010.png  used on input line 2292.
(pdftex.def)             Requested size: 597.6552pt x 796.35481pt.
File: page1010.png Graphic file (type png)
<use page1010.png>
Package pdftex.def Info: page1010.png  used on input line 2292.
(pdftex.def)             Requested size: 597.6552pt x 796.35481pt.
 [129 <./page1010.png>]
<page1011.png, id=1378, 1156.32pt x 1540.75626pt>
File: page1011.png Graphic file (type png)
<use page1011.png>
Package pdftex.def Info: page1011.png  used on input line 2293.
(pdftex.def)             Requested size: 1156.31718pt x 1540.7525pt.
File: page1011.png Graphic file (type png)
<use page1011.png>
Package pdftex.def Info: page1011.png  used on input line 2293.
(pdftex.def)             Requested size: 1156.31718pt x 1540.7525pt.
File: page1011.png Graphic file (type png)
<use page1011.png>
Package pdftex.def Info: page1011.png  used on input line 2293.
(pdftex.def)             Requested size: 1156.31718pt x 1540.7525pt.
File: page1011.png Graphic file (type png)
<use page1011.png>
Package pdftex.def Info: page1011.png  used on input line 2293.
(pdftex.def)             Requested size: 597.6552pt x 796.35481pt.
File: page1011.png Graphic file (type png)
<use page1011.png>
Package pdftex.def Info: page1011.png  used on input line 2293.
(pdftex.def)             Requested size: 597.6552pt x 796.35481pt.
File: page1011.png Graphic file (type png)
<use page1011.png>
Package pdftex.def Info: page1011.png  used on input line 2293.
(pdftex.def)             Requested size: 597.6552pt x 796.35481pt.
File: page1011.png Graphic file (type png)
<use page1011.png>
Package pdftex.def Info: page1011.png  used on input line 2293.
(pdftex.def)             Requested size: 597.6552pt x 796.35481pt.
 [130 <./page1011.png>]
Package atveryend Info: Empty hook `BeforeClearDocument' on input line 2295.
Package atveryend Info: Empty hook `AfterLastShipout' on input line 2295.
 (./document.aux)
Package atveryend Info: Executing hook `AtVeryEndDocument' on input line 2295.
Package atveryend Info: Executing hook `AtEndAfterFileList' on input line 2295.

Package rerunfilecheck Info: File `document.out' has not changed.
(rerunfilecheck)             Checksum: 539686EA00B451AC6E62AAB7FD808485;4406.


LaTeX Warning: There were undefined references.


LaTeX Warning: There were multiply-defined labels.

 ) 
Here is how much of TeX's memory you used:
 12089 strings out of 492616
 175799 string characters out of 6129481
 339118 words of memory out of 5000000
 15068 multiletter control sequences out of 15000+600000
 37156 words of font info for 176 fonts, out of 8000000 for 9000
 1141 hyphenation exceptions out of 8191
 40i,18n,48p,1382b,536s stack positions out of 5000i,500n,10000p,200000b,80000s
{/usr/local/texlive/2019/texmf-dist/fonts/enc/dvips/cm-super/cm-super-t1.enc}
</usr/local/texlive/2019/texmf-dist/fonts/type1/public/amsfonts/cm/cmsy10.pfb><
/usr/local/texlive/2019/texmf-dist/fonts/type1/public/cm-super/sfbi1000.pfb></u
sr/local/texlive/2019/texmf-dist/fonts/type1/public/cm-super/sfbi1200.pfb></usr
/local/texlive/2019/texmf-dist/fonts/type1/public/cm-super/sfbi1440.pfb></usr/l
ocal/texlive/2019/texmf-dist/fonts/type1/public/cm-super/sfbi2488.pfb></usr/loc
al/texlive/2019/texmf-dist/fonts/type1/public/cm-super/sfbx0900.pfb></usr/local
/texlive/2019/texmf-dist/fonts/type1/public/cm-super/sfbx1000.pfb></usr/local/t
exlive/2019/texmf-dist/fonts/type1/public/cm-super/sfbx1200.pfb></usr/local/tex
live/2019/texmf-dist/fonts/type1/public/cm-super/sfbx1440.pfb></usr/local/texli
ve/2019/texmf-dist/fonts/type1/public/cm-super/sfbx2074.pfb></usr/local/texlive
/2019/texmf-dist/fonts/type1/public/cm-super/sfbx2488.pfb></usr/local/texlive/2
019/texmf-dist/fonts/type1/public/cm-super/sfcc0800.pfb></usr/local/texlive/201
9/texmf-dist/fonts/type1/public/cm-super/sfcc1000.pfb></usr/local/texlive/2019/
texmf-dist/fonts/type1/public/cm-super/sfcc2074.pfb></usr/local/texlive/2019/te
xmf-dist/fonts/type1/public/cm-super/sfrm0600.pfb></usr/local/texlive/2019/texm
f-dist/fonts/type1/public/cm-super/sfrm0700.pfb></usr/local/texlive/2019/texmf-
dist/fonts/type1/public/cm-super/sfrm0800.pfb></usr/local/texlive/2019/texmf-di
st/fonts/type1/public/cm-super/sfrm0900.pfb></usr/local/texlive/2019/texmf-dist
/fonts/type1/public/cm-super/sfrm1000.pfb></usr/local/texlive/2019/texmf-dist/f
onts/type1/public/cm-super/sfrm1200.pfb></usr/local/texlive/2019/texmf-dist/fon
ts/type1/public/cm-super/sfrm1440.pfb></usr/local/texlive/2019/texmf-dist/fonts
/type1/public/cm-super/sfti0800.pfb></usr/local/texlive/2019/texmf-dist/fonts/t
ype1/public/cm-super/sfti0900.pfb></usr/local/texlive/2019/texmf-dist/fonts/typ
e1/public/cm-super/sfti1000.pfb></usr/local/texlive/2019/texmf-dist/fonts/type1
/public/cm-super/sftt0900.pfb>
Output written on document.pdf (130 pages, 62597632 bytes).
PDF statistics:
 1557 PDF objects out of 1728 (max. 8388607)
 1208 compressed objects within 13 object streams
 405 named destinations out of 1000 (max. 500000)
 35898 words of extra memory for PDF output out of 42996 (max. 10000000)

