\BOOKMARK [-1][-]{part.1}{I Kant}{}% 1
\BOOKMARK [0][-]{chapter.1}{Critica della ragion pura}{part.1}% 2
\BOOKMARK [1][-]{section.1.1}{Rivoluzione copernicana}{chapter.1}% 3
\BOOKMARK [1][-]{section.1.2}{Facolt\340 conoscitive}{chapter.1}% 4
\BOOKMARK [1][-]{section.1.3}{Analitica trascendentale}{chapter.1}% 5
\BOOKMARK [2][-]{subsection.1.3.1}{Deduzione trascendentale}{section.1.3}% 6
\BOOKMARK [1][-]{section.1.4}{Dialettica trascendentale}{chapter.1}% 7
\BOOKMARK [2][-]{subsection.1.4.1}{Idea di Anima}{section.1.4}% 8
\BOOKMARK [2][-]{subsection.1.4.2}{Idea di mondo}{section.1.4}% 9
\BOOKMARK [2][-]{subsection.1.4.3}{Idea di Dio}{section.1.4}% 10
\BOOKMARK [2][-]{subsection.1.4.4}{Il nuovo concetto di metafisica in Kant}{section.1.4}% 11
\BOOKMARK [2][-]{subsection.1.4.5}{La funzione regolativa delle idee}{section.1.4}% 12
\BOOKMARK [0][-]{chapter.2}{Critica della ragion pratica}{part.1}% 13
\BOOKMARK [1][-]{section.2.1}{Antiutilitarismo}{chapter.2}% 14
\BOOKMARK [1][-]{section.2.2}{Il sommo bene}{chapter.2}% 15
\BOOKMARK [0][-]{chapter.3}{Critica del giudizio}{part.1}% 16
\BOOKMARK [1][-]{section.3.1}{Bello}{chapter.3}% 17
\BOOKMARK [1][-]{section.3.2}{Sublime}{chapter.3}% 18
\BOOKMARK [1][-]{section.3.3}{Il bello nell'arte}{chapter.3}% 19
\BOOKMARK [2][-]{subsection.3.3.1}{Arte estetica}{section.3.3}% 20
\BOOKMARK [1][-]{section.3.4}{Giudizio teleologico}{chapter.3}% 21
\BOOKMARK [2][-]{subsection.3.4.1}{Antinomia del giudizio teleologico}{section.3.4}% 22
\BOOKMARK [-1][-]{part.2}{II I critici immediati di Kant}{}% 23
\BOOKMARK [0][-]{chapter.4}{Introduzione}{part.2}% 24
\BOOKMARK [0][-]{chapter.5}{L'Io infinito di Fichte}{part.2}% 25
\BOOKMARK [-1][-]{part.3}{III Hegel}{}% 26
\BOOKMARK [0][-]{chapter.6}{Introduzione}{part.3}% 27
\BOOKMARK [0][-]{chapter.7}{Capisaldi del sistema}{part.3}% 28
\BOOKMARK [1][-]{section.7.1}{Primo caposaldo: risoluzione del finito nell'infinito}{chapter.7}% 29
\BOOKMARK [1][-]{section.7.2}{Secondo caposaldo: Realt\340 e Ragione}{chapter.7}% 30
\BOOKMARK [1][-]{section.7.3}{Terzo caposaldo: funzione della filosofia}{chapter.7}% 31
\BOOKMARK [2][-]{subsection.7.3.1}{Giustificazionismo Hegeliano}{section.7.3}% 32
\BOOKMARK [0][-]{chapter.8}{Le partizioni della filosofia}{part.3}% 33
\BOOKMARK [0][-]{chapter.9}{Dialettica}{part.3}% 34
\BOOKMARK [1][-]{section.9.1}{Momento astratto \(o intellettuale\)}{chapter.9}% 35
\BOOKMARK [1][-]{section.9.2}{Momento dialettico \(o negativo-razionale\)}{chapter.9}% 36
\BOOKMARK [1][-]{section.9.3}{Momento speculativo \(o positivo-razionale\)}{chapter.9}% 37
\BOOKMARK [0][-]{chapter.10}{Fenomenologia dello spirito}{part.3}% 38
\BOOKMARK [1][-]{section.10.1}{Coscienza}{chapter.10}% 39
\BOOKMARK [1][-]{section.10.2}{Autocoscienza}{chapter.10}% 40
\BOOKMARK [2][-]{subsection.10.2.1}{Signoria e servit\371}{section.10.2}% 41
\BOOKMARK [2][-]{subsection.10.2.2}{Stoicismo e scetticismo}{section.10.2}% 42
\BOOKMARK [2][-]{subsection.10.2.3}{Ebraismo e cristianesimo}{section.10.2}% 43
\BOOKMARK [1][-]{section.10.3}{Ragione}{chapter.10}% 44
\BOOKMARK [2][-]{subsection.10.3.1}{Ragione osservativa}{section.10.3}% 45
\BOOKMARK [2][-]{subsection.10.3.2}{Ragione attiva}{section.10.3}% 46
\BOOKMARK [2][-]{subsection.10.3.3}{Individualit\340 in s\351 e per s\351}{section.10.3}% 47
\BOOKMARK [0][-]{chapter.11}{Filosofia dello spirito}{part.3}% 48
\BOOKMARK [1][-]{section.11.1}{Spirito soggettivo}{chapter.11}% 49
\BOOKMARK [1][-]{section.11.2}{Spirito oggettivo}{chapter.11}% 50
\BOOKMARK [2][-]{subsection.11.2.1}{Diritto astratto}{section.11.2}% 51
\BOOKMARK [2][-]{subsection.11.2.2}{Moralit\340}{section.11.2}% 52
\BOOKMARK [2][-]{subsection.11.2.3}{Eticit\340}{section.11.2}% 53
\BOOKMARK [1][-]{section.11.3}{Spirito assoluto}{chapter.11}% 54
\BOOKMARK [2][-]{subsection.11.3.1}{Arte}{section.11.3}% 55
\BOOKMARK [2][-]{subsection.11.3.2}{Religione}{section.11.3}% 56
\BOOKMARK [2][-]{subsection.11.3.3}{Filosofia}{section.11.3}% 57
\BOOKMARK [-1][-]{part.4}{IV Schopenhauer}{}% 58
\BOOKMARK [0][-]{chapter.12}{Fenomeno e Noumeno}{part.4}% 59
\BOOKMARK [0][-]{chapter.13}{La volont\340 di vivere}{part.4}% 60
\BOOKMARK [0][-]{chapter.14}{Pessimismo cosmico}{part.4}% 61
\BOOKMARK [0][-]{chapter.15}{Amore}{part.4}% 62
\BOOKMARK [0][-]{chapter.16}{Critica alle forme di ottimismo}{part.4}% 63
\BOOKMARK [1][-]{section.16.1}{Ottimismo cosmico}{chapter.16}% 64
\BOOKMARK [1][-]{section.16.2}{Ottimismo sociale}{chapter.16}% 65
\BOOKMARK [1][-]{section.16.3}{Ottimismo storico}{chapter.16}% 66
\BOOKMARK [0][-]{chapter.17}{Vie per la liberazione dal dolore}{part.4}% 67
\BOOKMARK [1][-]{section.17.1}{Arte}{chapter.17}% 68
\BOOKMARK [1][-]{section.17.2}{Etica della piet\340}{chapter.17}% 69
\BOOKMARK [1][-]{section.17.3}{Ascesi}{chapter.17}% 70
\BOOKMARK [-1][-]{part.5}{V Kierkegaard}{}% 71
\BOOKMARK [0][-]{chapter.18}{Critica ad Hegel}{part.5}% 72
\BOOKMARK [0][-]{chapter.19}{La possibilit\340}{part.5}% 73
\BOOKMARK [0][-]{chapter.20}{Gli stadi dell'esistenza}{part.5}% 74
\BOOKMARK [1][-]{section.20.1}{Stadio estetico}{chapter.20}% 75
\BOOKMARK [1][-]{section.20.2}{Stadio etico}{chapter.20}% 76
\BOOKMARK [1][-]{section.20.3}{Stadio religioso}{chapter.20}% 77
\BOOKMARK [-1][-]{part.6}{VI Destra e Sinistra Hegeliana}{}% 78
\BOOKMARK [-1][-]{part.7}{VII Feuerbach}{}% 79
\BOOKMARK [0][-]{chapter.21}{Critica all'idealismo}{part.7}% 80
\BOOKMARK [0][-]{chapter.22}{Ateismo}{part.7}% 81
\BOOKMARK [1][-]{section.22.1}{Creazione di Dio}{chapter.22}% 82
\BOOKMARK [1][-]{section.22.2}{Il ruolo dell'uomo}{chapter.22}% 83
\BOOKMARK [-1][-]{part.8}{VIII Marx}{}% 84
\BOOKMARK [0][-]{chapter.23}{Critica e rapporto con Hegel}{part.8}% 85
\BOOKMARK [0][-]{chapter.24}{Critica all'economia borghese}{part.8}% 86
\BOOKMARK [1][-]{section.24.1}{Alienazione}{chapter.24}% 87
\BOOKMARK [0][-]{chapter.25}{Religione}{part.8}% 88
\BOOKMARK [1][-]{section.25.1}{Rapporto con Feuerbach e Hegel}{chapter.25}% 89
\BOOKMARK [0][-]{chapter.26}{Materialismo}{part.8}% 90
\BOOKMARK [0][-]{chapter.27}{Struttura e Sovrastruttura}{part.8}% 91
\BOOKMARK [0][-]{chapter.28}{Ruolo della borghesia}{part.8}% 92
\BOOKMARK [0][-]{chapter.29}{Critica ai falsi socialismi}{part.8}% 93
\BOOKMARK [1][-]{section.29.1}{Socialismo reazionario}{chapter.29}% 94
\BOOKMARK [1][-]{section.29.2}{Socialismo conservatore}{chapter.29}% 95
\BOOKMARK [1][-]{section.29.3}{Socialismo utopistico}{chapter.29}% 96
\BOOKMARK [0][-]{chapter.30}{Socialismo scientifico}{part.8}% 97
\BOOKMARK [1][-]{section.30.1}{Contraddizioni del capitalismo}{chapter.30}% 98
\BOOKMARK [1][-]{section.30.2}{Comunismo}{chapter.30}% 99
\BOOKMARK [-1][-]{part.9}{IX Nietzsche}{}% 100
\BOOKMARK [0][-]{chapter.31}{Periodo Giovanile}{part.9}% 101
\BOOKMARK [1][-]{section.31.1}{Nietzsche e Schopenhauer}{chapter.31}% 102
\BOOKMARK [1][-]{section.31.2}{Funzione dell\220arte}{chapter.31}% 103
\BOOKMARK [1][-]{section.31.3}{Storia}{chapter.31}% 104
\BOOKMARK [0][-]{chapter.32}{Periodo illuministico}{part.9}% 105
\BOOKMARK [1][-]{section.32.1}{Genesi dell'idea di Dio}{chapter.32}% 106
\BOOKMARK [2][-]{subsection.32.1.1}{T: Il grande annuncio}{section.32.1}% 107
\BOOKMARK [1][-]{section.32.2}{Critica al platonismo}{chapter.32}% 108
\BOOKMARK [0][-]{chapter.33}{Filosofia del Meriggio}{part.9}% 109
\BOOKMARK [1][-]{section.33.1}{Il superuomo}{chapter.33}% 110
\BOOKMARK [2][-]{subsection.33.1.1}{Le tre metamorfosi dello spirito}{section.33.1}% 111
\BOOKMARK [1][-]{section.33.2}{L'eterno ritorno}{chapter.33}% 112
\BOOKMARK [2][-]{subsection.33.2.1}{T: La visione e l'enigma}{section.33.2}% 113
\BOOKMARK [0][-]{chapter.34}{Ultimo periodo}{part.9}% 114
\BOOKMARK [1][-]{section.34.1}{Il nichilismo}{chapter.34}% 115
\BOOKMARK [1][-]{section.34.2}{Prospettivismo}{chapter.34}% 116
